{"/Users/michaelkushman/Library/CloudStorage/GoogleDrive-mjkushman@gmail.com/My Drive/Code Bootcamp/Unit 35 Express and Postgres/35.1 Node-pg Introduction/VideoCode/pg-intro/app.js": {"path":"/Users/michaelkushman/Library/CloudStorage/GoogleDrive-mjkushman@gmail.com/My Drive/Code Bootcamp/Unit 35 Express and Postgres/35.1 Node-pg Introduction/VideoCode/pg-intro/app.js","statementMap":{"0":{"start":{"line":1,"column":16},"end":{"line":1,"column":34}},"1":{"start":{"line":2,"column":12},"end":{"line":2,"column":21}},"2":{"start":{"line":3,"column":21},"end":{"line":3,"column":46}},"3":{"start":{"line":6,"column":0},"end":{"line":6,"column":24}},"4":{"start":{"line":8,"column":16},"end":{"line":8,"column":41}},"5":{"start":{"line":9,"column":0},"end":{"line":9,"column":27}},"6":{"start":{"line":13,"column":0},"end":{"line":18,"column":3}},"7":{"start":{"line":14,"column":14},"end":{"line":14,"column":48}},"8":{"start":{"line":17,"column":2},"end":{"line":17,"column":19}},"9":{"start":{"line":22,"column":0},"end":{"line":33,"column":3}},"10":{"start":{"line":24,"column":15},"end":{"line":24,"column":32}},"11":{"start":{"line":27,"column":2},"end":{"line":32,"column":5}},"12":{"start":{"line":35,"column":0},"end":{"line":35,"column":21}}},"fnMap":{"0":{"name":"(anonymous_0)","decl":{"start":{"line":13,"column":8},"end":{"line":13,"column":9}},"loc":{"start":{"line":13,"column":34},"end":{"line":18,"column":1}},"line":13},"1":{"name":"(anonymous_1)","decl":{"start":{"line":22,"column":8},"end":{"line":22,"column":9}},"loc":{"start":{"line":22,"column":39},"end":{"line":33,"column":1}},"line":22}},"branchMap":{"0":{"loc":{"start":{"line":24,"column":15},"end":{"line":24,"column":32}},"type":"binary-expr","locations":[{"start":{"line":24,"column":15},"end":{"line":24,"column":25}},{"start":{"line":24,"column":29},"end":{"line":24,"column":32}}],"line":24}},"s":{"0":1,"1":1,"2":1,"3":1,"4":1,"5":1,"6":1,"7":0,"8":0,"9":1,"10":2,"11":2,"12":1},"f":{"0":0,"1":2},"b":{"0":[2,0]},"_coverageSchema":"1a1c01bbd47fc00a2c39e90264f33305004495a9","hash":"6e668534dd66efc607577643c188d7862dba08ad"}
,"/Users/michaelkushman/Library/CloudStorage/GoogleDrive-mjkushman@gmail.com/My Drive/Code Bootcamp/Unit 35 Express and Postgres/35.1 Node-pg Introduction/VideoCode/pg-intro/db.js": {"path":"/Users/michaelkushman/Library/CloudStorage/GoogleDrive-mjkushman@gmail.com/My Drive/Code Bootcamp/Unit 35 Express and Postgres/35.1 Node-pg Introduction/VideoCode/pg-intro/db.js","statementMap":{"0":{"start":{"line":21,"column":19},"end":{"line":21,"column":32}},"1":{"start":{"line":25,"column":0},"end":{"line":29,"column":1}},"2":{"start":{"line":26,"column":2},"end":{"line":26,"column":39}},"3":{"start":{"line":28,"column":2},"end":{"line":28,"column":34}},"4":{"start":{"line":31,"column":9},"end":{"line":33,"column":2}},"5":{"start":{"line":35,"column":0},"end":{"line":35,"column":13}},"6":{"start":{"line":37,"column":0},"end":{"line":37,"column":20}}},"fnMap":{},"branchMap":{"0":{"loc":{"start":{"line":25,"column":0},"end":{"line":29,"column":1}},"type":"if","locations":[{"start":{"line":25,"column":0},"end":{"line":29,"column":1}},{"start":{"line":27,"column":7},"end":{"line":29,"column":1}}],"line":25}},"s":{"0":1,"1":1,"2":1,"3":0,"4":1,"5":1,"6":1},"f":{},"b":{"0":[1,0]},"_coverageSchema":"1a1c01bbd47fc00a2c39e90264f33305004495a9","hash":"ca4acf888ea11bb13136e870556aed731e7bba23"}
,"/Users/michaelkushman/Library/CloudStorage/GoogleDrive-mjkushman@gmail.com/My Drive/Code Bootcamp/Unit 35 Express and Postgres/35.1 Node-pg Introduction/VideoCode/pg-intro/expressError.js": {"path":"/Users/michaelkushman/Library/CloudStorage/GoogleDrive-mjkushman@gmail.com/My Drive/Code Bootcamp/Unit 35 Express and Postgres/35.1 Node-pg Introduction/VideoCode/pg-intro/expressError.js","statementMap":{"0":{"start":{"line":9,"column":4},"end":{"line":9,"column":12}},"1":{"start":{"line":10,"column":4},"end":{"line":10,"column":27}},"2":{"start":{"line":11,"column":4},"end":{"line":11,"column":25}},"3":{"start":{"line":12,"column":4},"end":{"line":12,"column":30}},"4":{"start":{"line":17,"column":0},"end":{"line":17,"column":30}}},"fnMap":{"0":{"name":"(anonymous_0)","decl":{"start":{"line":8,"column":2},"end":{"line":8,"column":3}},"loc":{"start":{"line":8,"column":31},"end":{"line":13,"column":3}},"line":8}},"branchMap":{},"s":{"0":2,"1":2,"2":2,"3":2,"4":1},"f":{"0":2},"b":{},"_coverageSchema":"1a1c01bbd47fc00a2c39e90264f33305004495a9","hash":"15ab5b613e0327eb426eb4c56a51b39942a9297a"}
,"/Users/michaelkushman/Library/CloudStorage/GoogleDrive-mjkushman@gmail.com/My Drive/Code Bootcamp/Unit 35 Express and Postgres/35.1 Node-pg Introduction/VideoCode/pg-intro/routes/users.js": {"path":"/Users/michaelkushman/Library/CloudStorage/GoogleDrive-mjkushman@gmail.com/My Drive/Code Bootcamp/Unit 35 Express and Postgres/35.1 Node-pg Introduction/VideoCode/pg-intro/routes/users.js","statementMap":{"0":{"start":{"line":3,"column":16},"end":{"line":3,"column":34}},"1":{"start":{"line":4,"column":21},"end":{"line":4,"column":47}},"2":{"start":{"line":5,"column":15},"end":{"line":5,"column":31}},"3":{"start":{"line":6,"column":11},"end":{"line":6,"column":27}},"4":{"start":{"line":18,"column":0},"end":{"line":26,"column":2}},"5":{"start":{"line":19,"column":2},"end":{"line":25,"column":3}},"6":{"start":{"line":20,"column":20},"end":{"line":20,"column":57}},"7":{"start":{"line":21,"column":4},"end":{"line":21,"column":42}},"8":{"start":{"line":24,"column":4},"end":{"line":24,"column":19}},"9":{"start":{"line":44,"column":0},"end":{"line":59,"column":2}},"10":{"start":{"line":46,"column":2},"end":{"line":58,"column":3}},"11":{"start":{"line":47,"column":19},"end":{"line":47,"column":29}},"12":{"start":{"line":48,"column":20},"end":{"line":48,"column":75}},"13":{"start":{"line":50,"column":4},"end":{"line":52,"column":5}},"14":{"start":{"line":51,"column":6},"end":{"line":51,"column":69}},"15":{"start":{"line":53,"column":4},"end":{"line":53,"column":56}},"16":{"start":{"line":56,"column":4},"end":{"line":56,"column":18}},"17":{"start":{"line":72,"column":0},"end":{"line":81,"column":2}},"18":{"start":{"line":73,"column":2},"end":{"line":80,"column":3}},"19":{"start":{"line":74,"column":21},"end":{"line":74,"column":30}},"20":{"start":{"line":75,"column":20},"end":{"line":76,"column":50}},"21":{"start":{"line":77,"column":4},"end":{"line":77,"column":34}},"22":{"start":{"line":79,"column":4},"end":{"line":79,"column":18}},"23":{"start":{"line":95,"column":0},"end":{"line":105,"column":2}},"24":{"start":{"line":96,"column":2},"end":{"line":104,"column":3}},"25":{"start":{"line":97,"column":25},"end":{"line":97,"column":33}},"26":{"start":{"line":98,"column":20},"end":{"line":98,"column":110}},"27":{"start":{"line":100,"column":4},"end":{"line":100,"column":56}},"28":{"start":{"line":102,"column":4},"end":{"line":102,"column":18}},"29":{"start":{"line":123,"column":0},"end":{"line":139,"column":2}},"30":{"start":{"line":125,"column":2},"end":{"line":138,"column":3}},"31":{"start":{"line":126,"column":19},"end":{"line":126,"column":29}},"32":{"start":{"line":127,"column":27},"end":{"line":127,"column":35}},"33":{"start":{"line":128,"column":20},"end":{"line":128,"column":126}},"34":{"start":{"line":130,"column":4},"end":{"line":132,"column":5}},"35":{"start":{"line":131,"column":6},"end":{"line":131,"column":57}},"36":{"start":{"line":133,"column":4},"end":{"line":133,"column":56}},"37":{"start":{"line":136,"column":4},"end":{"line":136,"column":18}},"38":{"start":{"line":153,"column":0},"end":{"line":161,"column":2}},"39":{"start":{"line":154,"column":2},"end":{"line":160,"column":3}},"40":{"start":{"line":156,"column":20},"end":{"line":156,"column":80}},"41":{"start":{"line":157,"column":4},"end":{"line":157,"column":47}},"42":{"start":{"line":159,"column":4},"end":{"line":159,"column":18}},"43":{"start":{"line":163,"column":0},"end":{"line":163,"column":24}}},"fnMap":{"0":{"name":"(anonymous_0)","decl":{"start":{"line":18,"column":16},"end":{"line":18,"column":17}},"loc":{"start":{"line":18,"column":40},"end":{"line":26,"column":1}},"line":18},"1":{"name":"(anonymous_1)","decl":{"start":{"line":44,"column":19},"end":{"line":44,"column":20}},"loc":{"start":{"line":44,"column":42},"end":{"line":59,"column":1}},"line":44},"2":{"name":"(anonymous_2)","decl":{"start":{"line":72,"column":22},"end":{"line":72,"column":23}},"loc":{"start":{"line":72,"column":46},"end":{"line":81,"column":1}},"line":72},"3":{"name":"(anonymous_3)","decl":{"start":{"line":95,"column":17},"end":{"line":95,"column":18}},"loc":{"start":{"line":95,"column":41},"end":{"line":105,"column":1}},"line":95},"4":{"name":"(anonymous_4)","decl":{"start":{"line":123,"column":21},"end":{"line":123,"column":22}},"loc":{"start":{"line":123,"column":44},"end":{"line":139,"column":1}},"line":123},"5":{"name":"(anonymous_5)","decl":{"start":{"line":153,"column":22},"end":{"line":153,"column":23}},"loc":{"start":{"line":153,"column":46},"end":{"line":161,"column":1}},"line":153}},"branchMap":{"0":{"loc":{"start":{"line":50,"column":4},"end":{"line":52,"column":5}},"type":"if","locations":[{"start":{"line":50,"column":4},"end":{"line":52,"column":5}},{"start":{},"end":{}}],"line":50},"1":{"loc":{"start":{"line":130,"column":4},"end":{"line":132,"column":5}},"type":"if","locations":[{"start":{"line":130,"column":4},"end":{"line":132,"column":5}},{"start":{},"end":{}}],"line":130}},"s":{"0":1,"1":1,"2":1,"3":1,"4":1,"5":1,"6":1,"7":1,"8":0,"9":1,"10":2,"11":2,"12":2,"13":2,"14":1,"15":1,"16":1,"17":1,"18":0,"19":0,"20":0,"21":0,"22":0,"23":1,"24":1,"25":1,"26":1,"27":1,"28":0,"29":1,"30":2,"31":2,"32":2,"33":2,"34":2,"35":1,"36":1,"37":1,"38":1,"39":1,"40":1,"41":1,"42":0,"43":1},"f":{"0":1,"1":2,"2":0,"3":1,"4":2,"5":1},"b":{"0":[1,1],"1":[1,1]},"_coverageSchema":"1a1c01bbd47fc00a2c39e90264f33305004495a9","hash":"6c2d0cebf91aaa16f6018dcfb4780705dbbfb217"}
}
