TN:
SF:app.js
FN:13,(anonymous_0)
FN:22,(anonymous_1)
FNF:2
FNH:1
FNDA:0,(anonymous_0)
FNDA:2,(anonymous_1)
DA:1,1
DA:2,1
DA:3,1
DA:6,1
DA:8,1
DA:9,1
DA:13,1
DA:14,0
DA:17,0
DA:22,1
DA:24,2
DA:27,2
DA:35,1
LF:13
LH:11
BRDA:24,0,0,2
BRDA:24,0,1,0
BRF:2
BRH:1
end_of_record
TN:
SF:db.js
FNF:0
FNH:0
DA:21,1
DA:25,1
DA:26,1
DA:28,0
DA:31,1
DA:35,1
DA:37,1
LF:7
LH:6
BRDA:25,0,0,1
BRDA:25,0,1,0
BRF:2
BRH:1
end_of_record
TN:
SF:expressError.js
FN:8,(anonymous_0)
FNF:1
FNH:1
FNDA:2,(anonymous_0)
DA:9,2
DA:10,2
DA:11,2
DA:12,2
DA:17,1
LF:5
LH:5
BRF:0
BRH:0
end_of_record
TN:
SF:routes/users.js
FN:18,(anonymous_0)
FN:44,(anonymous_1)
FN:72,(anonymous_2)
FN:95,(anonymous_3)
FN:123,(anonymous_4)
FN:153,(anonymous_5)
FNF:6
FNH:5
FNDA:1,(anonymous_0)
FNDA:2,(anonymous_1)
FNDA:0,(anonymous_2)
FNDA:1,(anonymous_3)
FNDA:2,(anonymous_4)
FNDA:1,(anonymous_5)
DA:3,1
DA:4,1
DA:5,1
DA:6,1
DA:18,1
DA:19,1
DA:20,1
DA:21,1
DA:24,0
DA:44,1
DA:46,2
DA:47,2
DA:48,2
DA:50,2
DA:51,1
DA:53,1
DA:56,1
DA:72,1
DA:73,0
DA:74,0
DA:75,0
DA:77,0
DA:79,0
DA:95,1
DA:96,1
DA:97,1
DA:98,1
DA:100,1
DA:102,0
DA:123,1
DA:125,2
DA:126,2
DA:127,2
DA:128,2
DA:130,2
DA:131,1
DA:133,1
DA:136,1
DA:153,1
DA:154,1
DA:156,1
DA:157,1
DA:159,0
DA:163,1
LF:44
LH:36
BRDA:50,0,0,1
BRDA:50,0,1,1
BRDA:130,1,0,1
BRDA:130,1,1,1
BRF:4
BRH:4
end_of_record
