{"/Users/michaelkushman/Library/CloudStorage/GoogleDrive-mjkushman@gmail.com/My Drive/Code Bootcamp/Unit 37 Cumulative Project /Jobly/app.js": {"path":"/Users/michaelkushman/Library/CloudStorage/GoogleDrive-mjkushman@gmail.com/My Drive/Code Bootcamp/Unit 37 Cumulative Project /Jobly/app.js","statementMap":{"0":{"start":{"line":5,"column":16},"end":{"line":5,"column":34}},"1":{"start":{"line":6,"column":13},"end":{"line":6,"column":28}},"2":{"start":{"line":8,"column":26},"end":{"line":8,"column":51}},"3":{"start":{"line":10,"column":28},"end":{"line":10,"column":56}},"4":{"start":{"line":11,"column":19},"end":{"line":11,"column":43}},"5":{"start":{"line":12,"column":24},"end":{"line":12,"column":53}},"6":{"start":{"line":13,"column":20},"end":{"line":13,"column":45}},"7":{"start":{"line":14,"column":19},"end":{"line":14,"column":43}},"8":{"start":{"line":15,"column":27},"end":{"line":15,"column":59}},"9":{"start":{"line":17,"column":15},"end":{"line":17,"column":32}},"10":{"start":{"line":19,"column":12},"end":{"line":19,"column":21}},"11":{"start":{"line":21,"column":0},"end":{"line":21,"column":16}},"12":{"start":{"line":22,"column":0},"end":{"line":22,"column":24}},"13":{"start":{"line":23,"column":0},"end":{"line":23,"column":24}},"14":{"start":{"line":24,"column":0},"end":{"line":24,"column":25}},"15":{"start":{"line":26,"column":0},"end":{"line":26,"column":29}},"16":{"start":{"line":27,"column":0},"end":{"line":27,"column":39}},"17":{"start":{"line":28,"column":0},"end":{"line":28,"column":31}},"18":{"start":{"line":29,"column":0},"end":{"line":29,"column":28}},"19":{"start":{"line":30,"column":0},"end":{"line":30,"column":44}},"20":{"start":{"line":34,"column":0},"end":{"line":36,"column":3}},"21":{"start":{"line":35,"column":2},"end":{"line":35,"column":35}},"22":{"start":{"line":39,"column":0},"end":{"line":47,"column":3}},"23":{"start":{"line":40,"column":2},"end":{"line":40,"column":66}},"24":{"start":{"line":40,"column":40},"end":{"line":40,"column":65}},"25":{"start":{"line":41,"column":17},"end":{"line":41,"column":34}},"26":{"start":{"line":42,"column":18},"end":{"line":42,"column":29}},"27":{"start":{"line":44,"column":2},"end":{"line":46,"column":5}},"28":{"start":{"line":49,"column":0},"end":{"line":49,"column":21}}},"fnMap":{"0":{"name":"(anonymous_0)","decl":{"start":{"line":34,"column":8},"end":{"line":34,"column":9}},"loc":{"start":{"line":34,"column":34},"end":{"line":36,"column":1}},"line":34},"1":{"name":"(anonymous_1)","decl":{"start":{"line":39,"column":8},"end":{"line":39,"column":9}},"loc":{"start":{"line":39,"column":39},"end":{"line":47,"column":1}},"line":39}},"branchMap":{"0":{"loc":{"start":{"line":40,"column":2},"end":{"line":40,"column":66}},"type":"if","locations":[{"start":{"line":40,"column":2},"end":{"line":40,"column":66}},{"start":{},"end":{}}],"line":40},"1":{"loc":{"start":{"line":41,"column":17},"end":{"line":41,"column":34}},"type":"binary-expr","locations":[{"start":{"line":41,"column":17},"end":{"line":41,"column":27}},{"start":{"line":41,"column":31},"end":{"line":41,"column":34}}],"line":41}},"s":{"0":5,"1":5,"2":5,"3":5,"4":5,"5":5,"6":5,"7":5,"8":5,"9":5,"10":5,"11":5,"12":5,"13":5,"14":5,"15":5,"16":5,"17":5,"18":5,"19":5,"20":5,"21":2,"22":5,"23":36,"24":1,"25":36,"26":36,"27":36,"28":5},"f":{"0":2,"1":36},"b":{"0":[1,35],"1":[36,2]},"_coverageSchema":"1a1c01bbd47fc00a2c39e90264f33305004495a9","hash":"125d51afa397469911ca761ac48ac0fffd33e8cb"}
,"/Users/michaelkushman/Library/CloudStorage/GoogleDrive-mjkushman@gmail.com/My Drive/Code Bootcamp/Unit 37 Cumulative Project /Jobly/config.js": {"path":"/Users/michaelkushman/Library/CloudStorage/GoogleDrive-mjkushman@gmail.com/My Drive/Code Bootcamp/Unit 37 Cumulative Project /Jobly/config.js","statementMap":{"0":{"start":{"line":5,"column":0},"end":{"line":5,"column":27}},"1":{"start":{"line":6,"column":0},"end":{"line":6,"column":18}},"2":{"start":{"line":8,"column":19},"end":{"line":8,"column":57}},"3":{"start":{"line":10,"column":13},"end":{"line":10,"column":38}},"4":{"start":{"line":14,"column":2},"end":{"line":16,"column":58}},"5":{"start":{"line":22,"column":27},"end":{"line":22,"column":67}},"6":{"start":{"line":24,"column":0},"end":{"line":24,"column":35}},"7":{"start":{"line":25,"column":0},"end":{"line":25,"column":46}},"8":{"start":{"line":26,"column":0},"end":{"line":26,"column":45}},"9":{"start":{"line":27,"column":0},"end":{"line":27,"column":61}},"10":{"start":{"line":28,"column":0},"end":{"line":28,"column":50}},"11":{"start":{"line":29,"column":0},"end":{"line":29,"column":19}},"12":{"start":{"line":31,"column":0},"end":{"line":36,"column":2}}},"fnMap":{"0":{"name":"getDatabaseUri","decl":{"start":{"line":13,"column":9},"end":{"line":13,"column":23}},"loc":{"start":{"line":13,"column":26},"end":{"line":17,"column":1}},"line":13}},"branchMap":{"0":{"loc":{"start":{"line":8,"column":19},"end":{"line":8,"column":57}},"type":"binary-expr","locations":[{"start":{"line":8,"column":19},"end":{"line":8,"column":41}},{"start":{"line":8,"column":45},"end":{"line":8,"column":57}}],"line":8},"1":{"loc":{"start":{"line":10,"column":13},"end":{"line":10,"column":38}},"type":"binary-expr","locations":[{"start":{"line":10,"column":13},"end":{"line":10,"column":30}},{"start":{"line":10,"column":34},"end":{"line":10,"column":38}}],"line":10},"2":{"loc":{"start":{"line":14,"column":9},"end":{"line":16,"column":57}},"type":"cond-expr","locations":[{"start":{"line":15,"column":8},"end":{"line":15,"column":34}},{"start":{"line":16,"column":8},"end":{"line":16,"column":57}}],"line":14},"3":{"loc":{"start":{"line":16,"column":8},"end":{"line":16,"column":57}},"type":"binary-expr","locations":[{"start":{"line":16,"column":8},"end":{"line":16,"column":32}},{"start":{"line":16,"column":36},"end":{"line":16,"column":57}}],"line":16},"4":{"loc":{"start":{"line":22,"column":27},"end":{"line":22,"column":67}},"type":"cond-expr","locations":[{"start":{"line":22,"column":61},"end":{"line":22,"column":62}},{"start":{"line":22,"column":65},"end":{"line":22,"column":67}}],"line":22}},"s":{"0":11,"1":11,"2":11,"3":11,"4":22,"5":11,"6":11,"7":11,"8":11,"9":11,"10":11,"11":11,"12":11},"f":{"0":22},"b":{"0":[11,10],"1":[11,10],"2":[19,3],"3":[3,1],"4":[10,1]},"_coverageSchema":"1a1c01bbd47fc00a2c39e90264f33305004495a9","hash":"ff8df31c62451fdfc28096c36c13abd7ef974b1f"}
,"/Users/michaelkushman/Library/CloudStorage/GoogleDrive-mjkushman@gmail.com/My Drive/Code Bootcamp/Unit 37 Cumulative Project /Jobly/db.js": {"path":"/Users/michaelkushman/Library/CloudStorage/GoogleDrive-mjkushman@gmail.com/My Drive/Code Bootcamp/Unit 37 Cumulative Project /Jobly/db.js","statementMap":{"0":{"start":{"line":3,"column":19},"end":{"line":3,"column":32}},"1":{"start":{"line":4,"column":27},"end":{"line":4,"column":46}},"2":{"start":{"line":8,"column":0},"end":{"line":19,"column":1}},"3":{"start":{"line":9,"column":2},"end":{"line":14,"column":5}},"4":{"start":{"line":16,"column":2},"end":{"line":18,"column":5}},"5":{"start":{"line":21,"column":0},"end":{"line":21,"column":13}},"6":{"start":{"line":23,"column":0},"end":{"line":23,"column":20}}},"fnMap":{},"branchMap":{"0":{"loc":{"start":{"line":8,"column":0},"end":{"line":19,"column":1}},"type":"if","locations":[{"start":{"line":8,"column":0},"end":{"line":19,"column":1}},{"start":{"line":15,"column":7},"end":{"line":19,"column":1}}],"line":8}},"s":{"0":8,"1":8,"2":8,"3":0,"4":8,"5":8,"6":8},"f":{},"b":{"0":[0,8]},"_coverageSchema":"1a1c01bbd47fc00a2c39e90264f33305004495a9","hash":"53992449e8c7a8cb35ce3e9ffe391aae9802ee4c"}
,"/Users/michaelkushman/Library/CloudStorage/GoogleDrive-mjkushman@gmail.com/My Drive/Code Bootcamp/Unit 37 Cumulative Project /Jobly/expressError.js": {"path":"/Users/michaelkushman/Library/CloudStorage/GoogleDrive-mjkushman@gmail.com/My Drive/Code Bootcamp/Unit 37 Cumulative Project /Jobly/expressError.js","statementMap":{"0":{"start":{"line":9,"column":4},"end":{"line":9,"column":12}},"1":{"start":{"line":10,"column":4},"end":{"line":10,"column":27}},"2":{"start":{"line":11,"column":4},"end":{"line":11,"column":25}},"3":{"start":{"line":19,"column":4},"end":{"line":19,"column":24}},"4":{"start":{"line":27,"column":4},"end":{"line":27,"column":24}},"5":{"start":{"line":35,"column":4},"end":{"line":35,"column":24}},"6":{"start":{"line":43,"column":4},"end":{"line":43,"column":24}},"7":{"start":{"line":47,"column":0},"end":{"line":53,"column":2}}},"fnMap":{"0":{"name":"(anonymous_0)","decl":{"start":{"line":8,"column":2},"end":{"line":8,"column":3}},"loc":{"start":{"line":8,"column":31},"end":{"line":12,"column":3}},"line":8},"1":{"name":"(anonymous_1)","decl":{"start":{"line":18,"column":2},"end":{"line":18,"column":3}},"loc":{"start":{"line":18,"column":37},"end":{"line":20,"column":3}},"line":18},"2":{"name":"(anonymous_2)","decl":{"start":{"line":26,"column":2},"end":{"line":26,"column":3}},"loc":{"start":{"line":26,"column":40},"end":{"line":28,"column":3}},"line":26},"3":{"name":"(anonymous_3)","decl":{"start":{"line":34,"column":2},"end":{"line":34,"column":3}},"loc":{"start":{"line":34,"column":39},"end":{"line":36,"column":3}},"line":34},"4":{"name":"(anonymous_4)","decl":{"start":{"line":42,"column":2},"end":{"line":42,"column":3}},"loc":{"start":{"line":42,"column":39},"end":{"line":44,"column":3}},"line":42}},"branchMap":{"0":{"loc":{"start":{"line":18,"column":14},"end":{"line":18,"column":35}},"type":"default-arg","locations":[{"start":{"line":18,"column":24},"end":{"line":18,"column":35}}],"line":18},"1":{"loc":{"start":{"line":26,"column":14},"end":{"line":26,"column":38}},"type":"default-arg","locations":[{"start":{"line":26,"column":24},"end":{"line":26,"column":38}}],"line":26},"2":{"loc":{"start":{"line":34,"column":14},"end":{"line":34,"column":37}},"type":"default-arg","locations":[{"start":{"line":34,"column":24},"end":{"line":34,"column":37}}],"line":34},"3":{"loc":{"start":{"line":42,"column":14},"end":{"line":42,"column":37}},"type":"default-arg","locations":[{"start":{"line":42,"column":24},"end":{"line":42,"column":37}}],"line":42}},"s":{"0":48,"1":48,"2":48,"3":14,"4":16,"5":18,"6":0,"7":9},"f":{"0":48,"1":14,"2":16,"3":18,"4":0},"b":{"0":[2],"1":[12],"2":[0],"3":[0]},"_coverageSchema":"1a1c01bbd47fc00a2c39e90264f33305004495a9","hash":"4bc37d047a38d7c88a8513ecb2db4204888718b8"}
,"/Users/michaelkushman/Library/CloudStorage/GoogleDrive-mjkushman@gmail.com/My Drive/Code Bootcamp/Unit 37 Cumulative Project /Jobly/helpers/sql.js": {"path":"/Users/michaelkushman/Library/CloudStorage/GoogleDrive-mjkushman@gmail.com/My Drive/Code Bootcamp/Unit 37 Cumulative Project /Jobly/helpers/sql.js","statementMap":{"0":{"start":{"line":1,"column":28},"end":{"line":1,"column":54}},"1":{"start":{"line":14,"column":15},"end":{"line":14,"column":40}},"2":{"start":{"line":16,"column":2},"end":{"line":16,"column":62}},"3":{"start":{"line":16,"column":25},"end":{"line":16,"column":62}},"4":{"start":{"line":19,"column":15},"end":{"line":21,"column":3}},"5":{"start":{"line":20,"column":6},"end":{"line":20,"column":52}},"6":{"start":{"line":23,"column":2},"end":{"line":26,"column":4}},"7":{"start":{"line":29,"column":0},"end":{"line":29,"column":41}}},"fnMap":{"0":{"name":"sqlForPartialUpdate","decl":{"start":{"line":13,"column":9},"end":{"line":13,"column":28}},"loc":{"start":{"line":13,"column":52},"end":{"line":27,"column":1}},"line":13},"1":{"name":"(anonymous_1)","decl":{"start":{"line":19,"column":24},"end":{"line":19,"column":25}},"loc":{"start":{"line":20,"column":6},"end":{"line":20,"column":52}},"line":20}},"branchMap":{"0":{"loc":{"start":{"line":16,"column":2},"end":{"line":16,"column":62}},"type":"if","locations":[{"start":{"line":16,"column":2},"end":{"line":16,"column":62}},{"start":{},"end":{}}],"line":16},"1":{"loc":{"start":{"line":20,"column":10},"end":{"line":20,"column":37}},"type":"binary-expr","locations":[{"start":{"line":20,"column":10},"end":{"line":20,"column":26}},{"start":{"line":20,"column":30},"end":{"line":20,"column":37}}],"line":20}},"s":{"0":8,"1":17,"2":17,"3":3,"4":14,"5":27,"6":14,"7":8},"f":{"0":17,"1":27},"b":{"0":[3,14],"1":[27,12]},"_coverageSchema":"1a1c01bbd47fc00a2c39e90264f33305004495a9","hash":"40b37e387d7ad0879e30139d676fccbed64e5915"}
,"/Users/michaelkushman/Library/CloudStorage/GoogleDrive-mjkushman@gmail.com/My Drive/Code Bootcamp/Unit 37 Cumulative Project /Jobly/helpers/tokens.js": {"path":"/Users/michaelkushman/Library/CloudStorage/GoogleDrive-mjkushman@gmail.com/My Drive/Code Bootcamp/Unit 37 Cumulative Project /Jobly/helpers/tokens.js","statementMap":{"0":{"start":{"line":1,"column":12},"end":{"line":1,"column":35}},"1":{"start":{"line":2,"column":23},"end":{"line":2,"column":43}},"2":{"start":{"line":7,"column":2},"end":{"line":8,"column":58}},"3":{"start":{"line":10,"column":16},"end":{"line":13,"column":3}},"4":{"start":{"line":14,"column":2},"end":{"line":14,"column":63}},"5":{"start":{"line":15,"column":2},"end":{"line":15,"column":39}},"6":{"start":{"line":18,"column":0},"end":{"line":18,"column":33}}},"fnMap":{"0":{"name":"createToken","decl":{"start":{"line":6,"column":9},"end":{"line":6,"column":20}},"loc":{"start":{"line":6,"column":27},"end":{"line":16,"column":1}},"line":6}},"branchMap":{"0":{"loc":{"start":{"line":12,"column":13},"end":{"line":12,"column":34}},"type":"binary-expr","locations":[{"start":{"line":12,"column":13},"end":{"line":12,"column":25}},{"start":{"line":12,"column":29},"end":{"line":12,"column":34}}],"line":12}},"s":{"0":6,"1":6,"2":19,"3":19,"4":19,"5":19,"6":6},"f":{"0":19},"b":{"0":[19,13]},"_coverageSchema":"1a1c01bbd47fc00a2c39e90264f33305004495a9","hash":"7e5ea30229b79677b91ca4e46149b49963cea552"}
,"/Users/michaelkushman/Library/CloudStorage/GoogleDrive-mjkushman@gmail.com/My Drive/Code Bootcamp/Unit 37 Cumulative Project /Jobly/middleware/auth.js": {"path":"/Users/michaelkushman/Library/CloudStorage/GoogleDrive-mjkushman@gmail.com/My Drive/Code Bootcamp/Unit 37 Cumulative Project /Jobly/middleware/auth.js","statementMap":{"0":{"start":{"line":5,"column":12},"end":{"line":5,"column":35}},"1":{"start":{"line":6,"column":23},"end":{"line":6,"column":43}},"2":{"start":{"line":7,"column":30},"end":{"line":7,"column":56}},"3":{"start":{"line":19,"column":2},"end":{"line":28,"column":3}},"4":{"start":{"line":20,"column":23},"end":{"line":20,"column":63}},"5":{"start":{"line":21,"column":4},"end":{"line":24,"column":5}},"6":{"start":{"line":22,"column":20},"end":{"line":22,"column":64}},"7":{"start":{"line":23,"column":6},"end":{"line":23,"column":54}},"8":{"start":{"line":25,"column":4},"end":{"line":25,"column":18}},"9":{"start":{"line":27,"column":4},"end":{"line":27,"column":18}},"10":{"start":{"line":37,"column":2},"end":{"line":42,"column":3}},"11":{"start":{"line":38,"column":4},"end":{"line":38,"column":56}},"12":{"start":{"line":38,"column":26},"end":{"line":38,"column":56}},"13":{"start":{"line":39,"column":4},"end":{"line":39,"column":18}},"14":{"start":{"line":41,"column":4},"end":{"line":41,"column":21}},"15":{"start":{"line":49,"column":2},"end":{"line":54,"column":3}},"16":{"start":{"line":50,"column":4},"end":{"line":50,"column":63}},"17":{"start":{"line":50,"column":33},"end":{"line":50,"column":63}},"18":{"start":{"line":51,"column":4},"end":{"line":51,"column":18}},"19":{"start":{"line":53,"column":4},"end":{"line":53,"column":20}},"20":{"start":{"line":58,"column":2},"end":{"line":67,"column":3}},"21":{"start":{"line":59,"column":24},"end":{"line":59,"column":43}},"22":{"start":{"line":60,"column":4},"end":{"line":63,"column":5}},"23":{"start":{"line":62,"column":6},"end":{"line":62,"column":36}},"24":{"start":{"line":64,"column":4},"end":{"line":64,"column":17}},"25":{"start":{"line":66,"column":4},"end":{"line":66,"column":21}},"26":{"start":{"line":70,"column":0},"end":{"line":75,"column":2}}},"fnMap":{"0":{"name":"authenticateJWT","decl":{"start":{"line":18,"column":9},"end":{"line":18,"column":24}},"loc":{"start":{"line":18,"column":41},"end":{"line":29,"column":1}},"line":18},"1":{"name":"ensureLoggedIn","decl":{"start":{"line":36,"column":9},"end":{"line":36,"column":23}},"loc":{"start":{"line":36,"column":40},"end":{"line":43,"column":1}},"line":36},"2":{"name":"ensureAdmin","decl":{"start":{"line":48,"column":9},"end":{"line":48,"column":20}},"loc":{"start":{"line":48,"column":35},"end":{"line":55,"column":1}},"line":48},"3":{"name":"ensureUserOrAdmin","decl":{"start":{"line":57,"column":9},"end":{"line":57,"column":26}},"loc":{"start":{"line":57,"column":43},"end":{"line":68,"column":1}},"line":57}},"branchMap":{"0":{"loc":{"start":{"line":20,"column":23},"end":{"line":20,"column":63}},"type":"binary-expr","locations":[{"start":{"line":20,"column":23},"end":{"line":20,"column":34}},{"start":{"line":20,"column":38},"end":{"line":20,"column":63}}],"line":20},"1":{"loc":{"start":{"line":21,"column":4},"end":{"line":24,"column":5}},"type":"if","locations":[{"start":{"line":21,"column":4},"end":{"line":24,"column":5}},{"start":{},"end":{}}],"line":21},"2":{"loc":{"start":{"line":38,"column":4},"end":{"line":38,"column":56}},"type":"if","locations":[{"start":{"line":38,"column":4},"end":{"line":38,"column":56}},{"start":{},"end":{}}],"line":38},"3":{"loc":{"start":{"line":50,"column":4},"end":{"line":50,"column":63}},"type":"if","locations":[{"start":{"line":50,"column":4},"end":{"line":50,"column":63}},{"start":{},"end":{}}],"line":50},"4":{"loc":{"start":{"line":60,"column":4},"end":{"line":63,"column":5}},"type":"if","locations":[{"start":{"line":60,"column":4},"end":{"line":63,"column":5}},{"start":{},"end":{}}],"line":60},"5":{"loc":{"start":{"line":60,"column":7},"end":{"line":60,"column":79}},"type":"binary-expr","locations":[{"start":{"line":60,"column":8},"end":{"line":60,"column":50}},{"start":{"line":60,"column":55},"end":{"line":60,"column":79}}],"line":60}},"s":{"0":6,"1":6,"2":6,"3":64,"4":64,"5":64,"6":35,"7":35,"8":63,"9":1,"10":41,"11":41,"12":8,"13":33,"14":8,"15":21,"16":21,"17":3,"18":18,"19":3,"20":9,"21":9,"22":9,"23":1,"24":8,"25":1,"26":6},"f":{"0":64,"1":41,"2":21,"3":9},"b":{"0":[64,63],"1":[35,29],"2":[8,33],"3":[3,18],"4":[1,8],"5":[9,5]},"_coverageSchema":"1a1c01bbd47fc00a2c39e90264f33305004495a9","hash":"418ffacc4474650036108d4e763f000e7f7c7f25"}
,"/Users/michaelkushman/Library/CloudStorage/GoogleDrive-mjkushman@gmail.com/My Drive/Code Bootcamp/Unit 37 Cumulative Project /Jobly/models/_testCommon.js": {"path":"/Users/michaelkushman/Library/CloudStorage/GoogleDrive-mjkushman@gmail.com/My Drive/Code Bootcamp/Unit 37 Cumulative Project /Jobly/models/_testCommon.js","statementMap":{"0":{"start":{"line":1,"column":15},"end":{"line":1,"column":32}},"1":{"start":{"line":3,"column":11},"end":{"line":3,"column":30}},"2":{"start":{"line":4,"column":31},"end":{"line":4,"column":51}},"3":{"start":{"line":8,"column":2},"end":{"line":8,"column":42}},"4":{"start":{"line":10,"column":2},"end":{"line":10,"column":38}},"5":{"start":{"line":12,"column":2},"end":{"line":16,"column":55}},"6":{"start":{"line":18,"column":2},"end":{"line":30,"column":9}},"7":{"start":{"line":34,"column":2},"end":{"line":34,"column":26}},"8":{"start":{"line":38,"column":2},"end":{"line":38,"column":29}},"9":{"start":{"line":42,"column":2},"end":{"line":42,"column":17}},"10":{"start":{"line":46,"column":0},"end":{"line":51,"column":2}}},"fnMap":{"0":{"name":"commonBeforeAll","decl":{"start":{"line":6,"column":15},"end":{"line":6,"column":30}},"loc":{"start":{"line":6,"column":33},"end":{"line":31,"column":1}},"line":6},"1":{"name":"commonBeforeEach","decl":{"start":{"line":33,"column":15},"end":{"line":33,"column":31}},"loc":{"start":{"line":33,"column":34},"end":{"line":35,"column":1}},"line":33},"2":{"name":"commonAfterEach","decl":{"start":{"line":37,"column":15},"end":{"line":37,"column":30}},"loc":{"start":{"line":37,"column":33},"end":{"line":39,"column":1}},"line":37},"3":{"name":"commonAfterAll","decl":{"start":{"line":41,"column":15},"end":{"line":41,"column":29}},"loc":{"start":{"line":41,"column":32},"end":{"line":43,"column":1}},"line":41}},"branchMap":{},"s":{"0":3,"1":3,"2":3,"3":3,"4":3,"5":3,"6":3,"7":29,"8":29,"9":3,"10":3},"f":{"0":3,"1":29,"2":29,"3":3},"b":{},"_coverageSchema":"1a1c01bbd47fc00a2c39e90264f33305004495a9","hash":"1f69816c0d1ff49ffd37ca372306d34e0c855c6a"}
,"/Users/michaelkushman/Library/CloudStorage/GoogleDrive-mjkushman@gmail.com/My Drive/Code Bootcamp/Unit 37 Cumulative Project /Jobly/models/application.js": {"path":"/Users/michaelkushman/Library/CloudStorage/GoogleDrive-mjkushman@gmail.com/My Drive/Code Bootcamp/Unit 37 Cumulative Project /Jobly/models/application.js","statementMap":{"0":{"start":{"line":3,"column":11},"end":{"line":3,"column":27}},"1":{"start":{"line":4,"column":43},"end":{"line":4,"column":69}},"2":{"start":{"line":5,"column":32},"end":{"line":5,"column":57}},"3":{"start":{"line":14,"column":23},"end":{"line":14,"column":82}},"4":{"start":{"line":15,"column":8},"end":{"line":15,"column":26}},"5":{"start":{"line":19,"column":0},"end":{"line":19,"column":29}}},"fnMap":{"0":{"name":"(anonymous_0)","decl":{"start":{"line":13,"column":4},"end":{"line":13,"column":5}},"loc":{"start":{"line":13,"column":26},"end":{"line":16,"column":5}},"line":13}},"branchMap":{},"s":{"0":5,"1":5,"2":5,"3":0,"4":0,"5":5},"f":{"0":0},"b":{},"_coverageSchema":"1a1c01bbd47fc00a2c39e90264f33305004495a9","hash":"c3e40f7a6d5202f6039e43a0bf5025386b0c807f"}
,"/Users/michaelkushman/Library/CloudStorage/GoogleDrive-mjkushman@gmail.com/My Drive/Code Bootcamp/Unit 37 Cumulative Project /Jobly/models/company.js": {"path":"/Users/michaelkushman/Library/CloudStorage/GoogleDrive-mjkushman@gmail.com/My Drive/Code Bootcamp/Unit 37 Cumulative Project /Jobly/models/company.js","statementMap":{"0":{"start":{"line":3,"column":11},"end":{"line":3,"column":27}},"1":{"start":{"line":4,"column":43},"end":{"line":4,"column":69}},"2":{"start":{"line":5,"column":32},"end":{"line":5,"column":57}},"3":{"start":{"line":20,"column":27},"end":{"line":24,"column":17}},"4":{"start":{"line":26,"column":4},"end":{"line":27,"column":64}},"5":{"start":{"line":27,"column":6},"end":{"line":27,"column":64}},"6":{"start":{"line":29,"column":19},"end":{"line":41,"column":5}},"7":{"start":{"line":42,"column":20},"end":{"line":42,"column":34}},"8":{"start":{"line":44,"column":4},"end":{"line":44,"column":19}},"9":{"start":{"line":55,"column":4},"end":{"line":55,"column":26}},"10":{"start":{"line":57,"column":4},"end":{"line":62,"column":19}},"11":{"start":{"line":63,"column":20},"end":{"line":63,"column":36}},"12":{"start":{"line":66,"column":45},"end":{"line":66,"column":58}},"13":{"start":{"line":69,"column":29},"end":{"line":69,"column":31}},"14":{"start":{"line":72,"column":22},"end":{"line":72,"column":24}},"15":{"start":{"line":74,"column":4},"end":{"line":78,"column":5}},"16":{"start":{"line":76,"column":6},"end":{"line":76,"column":35}},"17":{"start":{"line":77,"column":6},"end":{"line":77,"column":66}},"18":{"start":{"line":79,"column":4},"end":{"line":83,"column":5}},"19":{"start":{"line":81,"column":6},"end":{"line":81,"column":36}},"20":{"start":{"line":82,"column":6},"end":{"line":82,"column":72}},"21":{"start":{"line":85,"column":4},"end":{"line":88,"column":5}},"22":{"start":{"line":86,"column":6},"end":{"line":86,"column":36}},"23":{"start":{"line":87,"column":6},"end":{"line":87,"column":72}},"24":{"start":{"line":90,"column":4},"end":{"line":92,"column":5}},"25":{"start":{"line":91,"column":6},"end":{"line":91,"column":59}},"26":{"start":{"line":94,"column":27},"end":{"line":94,"column":42}},"27":{"start":{"line":96,"column":4},"end":{"line":96,"column":46}},"28":{"start":{"line":97,"column":25},"end":{"line":97,"column":70}},"29":{"start":{"line":98,"column":4},"end":{"line":98,"column":29}},"30":{"start":{"line":123,"column":23},"end":{"line":131,"column":17}},"31":{"start":{"line":133,"column":20},"end":{"line":133,"column":38}},"32":{"start":{"line":135,"column":4},"end":{"line":135,"column":67}},"33":{"start":{"line":135,"column":18},"end":{"line":135,"column":67}},"34":{"start":{"line":137,"column":4},"end":{"line":137,"column":19}},"35":{"start":{"line":153,"column":32},"end":{"line":158,"column":10}},"36":{"start":{"line":159,"column":25},"end":{"line":159,"column":50}},"37":{"start":{"line":161,"column":21},"end":{"line":168,"column":54}},"38":{"start":{"line":169,"column":19},"end":{"line":169,"column":64}},"39":{"start":{"line":170,"column":20},"end":{"line":170,"column":34}},"40":{"start":{"line":172,"column":4},"end":{"line":172,"column":67}},"41":{"start":{"line":172,"column":18},"end":{"line":172,"column":67}},"42":{"start":{"line":174,"column":4},"end":{"line":174,"column":19}},"43":{"start":{"line":183,"column":19},"end":{"line":188,"column":17}},"44":{"start":{"line":189,"column":20},"end":{"line":189,"column":34}},"45":{"start":{"line":191,"column":4},"end":{"line":191,"column":67}},"46":{"start":{"line":191,"column":18},"end":{"line":191,"column":67}},"47":{"start":{"line":196,"column":0},"end":{"line":196,"column":25}}},"fnMap":{"0":{"name":"(anonymous_0)","decl":{"start":{"line":19,"column":2},"end":{"line":19,"column":3}},"loc":{"start":{"line":19,"column":76},"end":{"line":45,"column":3}},"line":19},"1":{"name":"(anonymous_1)","decl":{"start":{"line":52,"column":2},"end":{"line":52,"column":3}},"loc":{"start":{"line":52,"column":43},"end":{"line":99,"column":3}},"line":52},"2":{"name":"(anonymous_2)","decl":{"start":{"line":122,"column":2},"end":{"line":122,"column":3}},"loc":{"start":{"line":122,"column":27},"end":{"line":138,"column":3}},"line":122},"3":{"name":"(anonymous_3)","decl":{"start":{"line":152,"column":2},"end":{"line":152,"column":3}},"loc":{"start":{"line":152,"column":36},"end":{"line":175,"column":3}},"line":152},"4":{"name":"(anonymous_4)","decl":{"start":{"line":182,"column":2},"end":{"line":182,"column":3}},"loc":{"start":{"line":182,"column":30},"end":{"line":192,"column":3}},"line":182}},"branchMap":{"0":{"loc":{"start":{"line":26,"column":4},"end":{"line":27,"column":64}},"type":"if","locations":[{"start":{"line":26,"column":4},"end":{"line":27,"column":64}},{"start":{},"end":{}}],"line":26},"1":{"loc":{"start":{"line":52,"column":23},"end":{"line":52,"column":41}},"type":"default-arg","locations":[{"start":{"line":52,"column":39},"end":{"line":52,"column":41}}],"line":52},"2":{"loc":{"start":{"line":74,"column":4},"end":{"line":78,"column":5}},"type":"if","locations":[{"start":{"line":74,"column":4},"end":{"line":78,"column":5}},{"start":{},"end":{}}],"line":74},"3":{"loc":{"start":{"line":79,"column":4},"end":{"line":83,"column":5}},"type":"if","locations":[{"start":{"line":79,"column":4},"end":{"line":83,"column":5}},{"start":{},"end":{}}],"line":79},"4":{"loc":{"start":{"line":85,"column":4},"end":{"line":88,"column":5}},"type":"if","locations":[{"start":{"line":85,"column":4},"end":{"line":88,"column":5}},{"start":{},"end":{}}],"line":85},"5":{"loc":{"start":{"line":90,"column":4},"end":{"line":92,"column":5}},"type":"if","locations":[{"start":{"line":90,"column":4},"end":{"line":92,"column":5}},{"start":{},"end":{}}],"line":90},"6":{"loc":{"start":{"line":135,"column":4},"end":{"line":135,"column":67}},"type":"if","locations":[{"start":{"line":135,"column":4},"end":{"line":135,"column":67}},{"start":{},"end":{}}],"line":135},"7":{"loc":{"start":{"line":172,"column":4},"end":{"line":172,"column":67}},"type":"if","locations":[{"start":{"line":172,"column":4},"end":{"line":172,"column":67}},{"start":{},"end":{}}],"line":172},"8":{"loc":{"start":{"line":191,"column":4},"end":{"line":191,"column":67}},"type":"if","locations":[{"start":{"line":191,"column":4},"end":{"line":191,"column":67}},{"start":{},"end":{}}],"line":191}},"s":{"0":6,"1":6,"2":6,"3":16,"4":16,"5":1,"6":15,"7":15,"8":15,"9":6,"10":6,"11":6,"12":6,"13":6,"14":6,"15":6,"16":1,"17":1,"18":6,"19":1,"20":1,"21":6,"22":1,"23":1,"24":6,"25":3,"26":6,"27":6,"28":6,"29":5,"30":5,"31":5,"32":5,"33":2,"34":3,"35":6,"36":5,"37":5,"38":5,"39":5,"40":5,"41":2,"42":3,"43":4,"44":4,"45":4,"46":2,"47":6},"f":{"0":16,"1":6,"2":5,"3":6,"4":4},"b":{"0":[1,15],"1":[1],"2":[1,5],"3":[1,5],"4":[1,5],"5":[3,3],"6":[2,3],"7":[2,3],"8":[2,2]},"_coverageSchema":"1a1c01bbd47fc00a2c39e90264f33305004495a9","hash":"419a7bf403ec943aef65cc503f8ed87756be7241"}
,"/Users/michaelkushman/Library/CloudStorage/GoogleDrive-mjkushman@gmail.com/My Drive/Code Bootcamp/Unit 37 Cumulative Project /Jobly/models/job.js": {"path":"/Users/michaelkushman/Library/CloudStorage/GoogleDrive-mjkushman@gmail.com/My Drive/Code Bootcamp/Unit 37 Cumulative Project /Jobly/models/job.js","statementMap":{"0":{"start":{"line":5,"column":11},"end":{"line":5,"column":27}},"1":{"start":{"line":6,"column":43},"end":{"line":6,"column":69}},"2":{"start":{"line":7,"column":32},"end":{"line":7,"column":57}},"3":{"start":{"line":24,"column":4},"end":{"line":24,"column":87}},"4":{"start":{"line":25,"column":19},"end":{"line":36,"column":5}},"5":{"start":{"line":37,"column":16},"end":{"line":37,"column":30}},"6":{"start":{"line":39,"column":4},"end":{"line":39,"column":15}},"7":{"start":{"line":50,"column":4},"end":{"line":50,"column":26}},"8":{"start":{"line":52,"column":4},"end":{"line":57,"column":14}},"9":{"start":{"line":58,"column":20},"end":{"line":58,"column":37}},"10":{"start":{"line":61,"column":40},"end":{"line":61,"column":53}},"11":{"start":{"line":62,"column":4},"end":{"line":62,"column":51}},"12":{"start":{"line":65,"column":29},"end":{"line":65,"column":31}},"13":{"start":{"line":68,"column":22},"end":{"line":68,"column":24}},"14":{"start":{"line":70,"column":4},"end":{"line":74,"column":5}},"15":{"start":{"line":72,"column":6},"end":{"line":72,"column":36}},"16":{"start":{"line":73,"column":6},"end":{"line":73,"column":67}},"17":{"start":{"line":75,"column":4},"end":{"line":79,"column":5}},"18":{"start":{"line":77,"column":6},"end":{"line":77,"column":33}},"19":{"start":{"line":78,"column":6},"end":{"line":78,"column":65}},"20":{"start":{"line":81,"column":4},"end":{"line":85,"column":5}},"21":{"start":{"line":82,"column":6},"end":{"line":82,"column":40}},"22":{"start":{"line":83,"column":6},"end":{"line":83,"column":25}},"23":{"start":{"line":84,"column":6},"end":{"line":84,"column":64}},"24":{"start":{"line":87,"column":4},"end":{"line":89,"column":5}},"25":{"start":{"line":88,"column":6},"end":{"line":88,"column":59}},"26":{"start":{"line":91,"column":27},"end":{"line":91,"column":42}},"27":{"start":{"line":93,"column":4},"end":{"line":93,"column":46}},"28":{"start":{"line":94,"column":20},"end":{"line":94,"column":64}},"29":{"start":{"line":95,"column":4},"end":{"line":95,"column":24}},"30":{"start":{"line":109,"column":19},"end":{"line":117,"column":13}},"31":{"start":{"line":119,"column":16},"end":{"line":119,"column":30}},"32":{"start":{"line":120,"column":4},"end":{"line":120,"column":75}},"33":{"start":{"line":120,"column":14},"end":{"line":120,"column":75}},"34":{"start":{"line":123,"column":23},"end":{"line":131,"column":25}},"35":{"start":{"line":133,"column":20},"end":{"line":133,"column":38}},"36":{"start":{"line":135,"column":4},"end":{"line":135,"column":25}},"37":{"start":{"line":137,"column":4},"end":{"line":137,"column":15}},"38":{"start":{"line":154,"column":32},"end":{"line":158,"column":10}},"39":{"start":{"line":159,"column":25},"end":{"line":159,"column":50}},"40":{"start":{"line":161,"column":21},"end":{"line":168,"column":47}},"41":{"start":{"line":169,"column":19},"end":{"line":169,"column":60}},"42":{"start":{"line":170,"column":16},"end":{"line":170,"column":30}},"43":{"start":{"line":172,"column":4},"end":{"line":172,"column":55}},"44":{"start":{"line":172,"column":14},"end":{"line":172,"column":55}},"45":{"start":{"line":174,"column":4},"end":{"line":174,"column":15}},"46":{"start":{"line":183,"column":19},"end":{"line":188,"column":13}},"47":{"start":{"line":189,"column":16},"end":{"line":189,"column":30}},"48":{"start":{"line":191,"column":4},"end":{"line":191,"column":70}},"49":{"start":{"line":191,"column":14},"end":{"line":191,"column":70}},"50":{"start":{"line":196,"column":0},"end":{"line":196,"column":21}}},"fnMap":{"0":{"name":"(anonymous_0)","decl":{"start":{"line":23,"column":2},"end":{"line":23,"column":3}},"loc":{"start":{"line":23,"column":63},"end":{"line":40,"column":3}},"line":23},"1":{"name":"(anonymous_1)","decl":{"start":{"line":47,"column":2},"end":{"line":47,"column":3}},"loc":{"start":{"line":47,"column":43},"end":{"line":96,"column":3}},"line":47},"2":{"name":"(anonymous_2)","decl":{"start":{"line":108,"column":2},"end":{"line":108,"column":3}},"loc":{"start":{"line":108,"column":23},"end":{"line":138,"column":3}},"line":108},"3":{"name":"(anonymous_3)","decl":{"start":{"line":152,"column":2},"end":{"line":152,"column":3}},"loc":{"start":{"line":152,"column":32},"end":{"line":175,"column":3}},"line":152},"4":{"name":"(anonymous_4)","decl":{"start":{"line":182,"column":2},"end":{"line":182,"column":3}},"loc":{"start":{"line":182,"column":26},"end":{"line":192,"column":3}},"line":182}},"branchMap":{"0":{"loc":{"start":{"line":47,"column":23},"end":{"line":47,"column":41}},"type":"default-arg","locations":[{"start":{"line":47,"column":39},"end":{"line":47,"column":41}}],"line":47},"1":{"loc":{"start":{"line":70,"column":4},"end":{"line":74,"column":5}},"type":"if","locations":[{"start":{"line":70,"column":4},"end":{"line":74,"column":5}},{"start":{},"end":{}}],"line":70},"2":{"loc":{"start":{"line":75,"column":4},"end":{"line":79,"column":5}},"type":"if","locations":[{"start":{"line":75,"column":4},"end":{"line":79,"column":5}},{"start":{},"end":{}}],"line":75},"3":{"loc":{"start":{"line":81,"column":4},"end":{"line":85,"column":5}},"type":"if","locations":[{"start":{"line":81,"column":4},"end":{"line":85,"column":5}},{"start":{},"end":{}}],"line":81},"4":{"loc":{"start":{"line":81,"column":7},"end":{"line":81,"column":49}},"type":"binary-expr","locations":[{"start":{"line":81,"column":7},"end":{"line":81,"column":26}},{"start":{"line":81,"column":30},"end":{"line":81,"column":49}}],"line":81},"5":{"loc":{"start":{"line":87,"column":4},"end":{"line":89,"column":5}},"type":"if","locations":[{"start":{"line":87,"column":4},"end":{"line":89,"column":5}},{"start":{},"end":{}}],"line":87},"6":{"loc":{"start":{"line":120,"column":4},"end":{"line":120,"column":75}},"type":"if","locations":[{"start":{"line":120,"column":4},"end":{"line":120,"column":75}},{"start":{},"end":{}}],"line":120},"7":{"loc":{"start":{"line":172,"column":4},"end":{"line":172,"column":55}},"type":"if","locations":[{"start":{"line":172,"column":4},"end":{"line":172,"column":55}},{"start":{},"end":{}}],"line":172},"8":{"loc":{"start":{"line":191,"column":4},"end":{"line":191,"column":70}},"type":"if","locations":[{"start":{"line":191,"column":4},"end":{"line":191,"column":70}},{"start":{},"end":{}}],"line":191}},"s":{"0":5,"1":5,"2":5,"3":13,"4":13,"5":13,"6":13,"7":4,"8":4,"9":4,"10":4,"11":4,"12":4,"13":4,"14":4,"15":1,"16":1,"17":4,"18":1,"19":1,"20":4,"21":1,"22":1,"23":1,"24":4,"25":3,"26":4,"27":4,"28":4,"29":4,"30":0,"31":0,"32":0,"33":0,"34":0,"35":0,"36":0,"37":0,"38":0,"39":0,"40":0,"41":0,"42":0,"43":0,"44":0,"45":0,"46":0,"47":0,"48":0,"49":0,"50":5},"f":{"0":13,"1":4,"2":0,"3":0,"4":0},"b":{"0":[0],"1":[1,3],"2":[1,3],"3":[1,3],"4":[4,3],"5":[3,1],"6":[0,0],"7":[0,0],"8":[0,0]},"_coverageSchema":"1a1c01bbd47fc00a2c39e90264f33305004495a9","hash":"9b98444c6edde419af95aa01055549f2cc6a6ebc"}
,"/Users/michaelkushman/Library/CloudStorage/GoogleDrive-mjkushman@gmail.com/My Drive/Code Bootcamp/Unit 37 Cumulative Project /Jobly/models/user.js": {"path":"/Users/michaelkushman/Library/CloudStorage/GoogleDrive-mjkushman@gmail.com/My Drive/Code Bootcamp/Unit 37 Cumulative Project /Jobly/models/user.js","statementMap":{"0":{"start":{"line":4,"column":11},"end":{"line":4,"column":27}},"1":{"start":{"line":5,"column":15},"end":{"line":5,"column":32}},"2":{"start":{"line":6,"column":32},"end":{"line":6,"column":57}},"3":{"start":{"line":11,"column":4},"end":{"line":11,"column":30}},"4":{"start":{"line":13,"column":31},"end":{"line":13,"column":54}},"5":{"start":{"line":27,"column":19},"end":{"line":37,"column":5}},"6":{"start":{"line":39,"column":17},"end":{"line":39,"column":31}},"7":{"start":{"line":41,"column":4},"end":{"line":48,"column":5}},"8":{"start":{"line":43,"column":22},"end":{"line":43,"column":67}},"9":{"start":{"line":44,"column":6},"end":{"line":47,"column":7}},"10":{"start":{"line":45,"column":8},"end":{"line":45,"column":29}},"11":{"start":{"line":46,"column":8},"end":{"line":46,"column":20}},"12":{"start":{"line":50,"column":4},"end":{"line":50,"column":61}},"13":{"start":{"line":62,"column":27},"end":{"line":67,"column":5}},"14":{"start":{"line":69,"column":4},"end":{"line":71,"column":5}},"15":{"start":{"line":70,"column":6},"end":{"line":70,"column":67}},"16":{"start":{"line":73,"column":27},"end":{"line":73,"column":74}},"17":{"start":{"line":75,"column":19},"end":{"line":93,"column":5}},"18":{"start":{"line":95,"column":17},"end":{"line":95,"column":31}},"19":{"start":{"line":97,"column":4},"end":{"line":97,"column":16}},"20":{"start":{"line":106,"column":19},"end":{"line":114,"column":5}},"21":{"start":{"line":116,"column":4},"end":{"line":116,"column":23}},"22":{"start":{"line":128,"column":20},"end":{"line":137,"column":5}},"23":{"start":{"line":139,"column":17},"end":{"line":139,"column":32}},"24":{"start":{"line":141,"column":4},"end":{"line":141,"column":63}},"25":{"start":{"line":141,"column":15},"end":{"line":141,"column":63}},"26":{"start":{"line":143,"column":4},"end":{"line":143,"column":16}},"27":{"start":{"line":164,"column":4},"end":{"line":166,"column":5}},"28":{"start":{"line":165,"column":6},"end":{"line":165,"column":75}},"29":{"start":{"line":168,"column":32},"end":{"line":174,"column":10}},"30":{"start":{"line":175,"column":27},"end":{"line":175,"column":52}},"31":{"start":{"line":177,"column":21},"end":{"line":184,"column":54}},"32":{"start":{"line":185,"column":19},"end":{"line":185,"column":66}},"33":{"start":{"line":186,"column":17},"end":{"line":186,"column":31}},"34":{"start":{"line":188,"column":4},"end":{"line":188,"column":63}},"35":{"start":{"line":188,"column":15},"end":{"line":188,"column":63}},"36":{"start":{"line":190,"column":4},"end":{"line":190,"column":25}},"37":{"start":{"line":191,"column":4},"end":{"line":191,"column":16}},"38":{"start":{"line":197,"column":17},"end":{"line":203,"column":5}},"39":{"start":{"line":204,"column":17},"end":{"line":204,"column":31}},"40":{"start":{"line":206,"column":4},"end":{"line":206,"column":63}},"41":{"start":{"line":206,"column":15},"end":{"line":206,"column":63}},"42":{"start":{"line":211,"column":17},"end":{"line":212,"column":111}},"43":{"start":{"line":214,"column":24},"end":{"line":214,"column":38}},"44":{"start":{"line":215,"column":4},"end":{"line":215,"column":23}},"45":{"start":{"line":221,"column":0},"end":{"line":221,"column":22}}},"fnMap":{"0":{"name":"(anonymous_0)","decl":{"start":{"line":25,"column":2},"end":{"line":25,"column":3}},"loc":{"start":{"line":25,"column":48},"end":{"line":51,"column":3}},"line":25},"1":{"name":"(anonymous_1)","decl":{"start":{"line":60,"column":2},"end":{"line":60,"column":3}},"loc":{"start":{"line":61,"column":67},"end":{"line":98,"column":3}},"line":61},"2":{"name":"(anonymous_2)","decl":{"start":{"line":105,"column":2},"end":{"line":105,"column":3}},"loc":{"start":{"line":105,"column":25},"end":{"line":117,"column":3}},"line":105},"3":{"name":"(anonymous_3)","decl":{"start":{"line":127,"column":2},"end":{"line":127,"column":3}},"loc":{"start":{"line":127,"column":29},"end":{"line":144,"column":3}},"line":127},"4":{"name":"(anonymous_4)","decl":{"start":{"line":163,"column":2},"end":{"line":163,"column":3}},"loc":{"start":{"line":163,"column":38},"end":{"line":192,"column":3}},"line":163},"5":{"name":"(anonymous_5)","decl":{"start":{"line":196,"column":2},"end":{"line":196,"column":3}},"loc":{"start":{"line":196,"column":32},"end":{"line":207,"column":3}},"line":196},"6":{"name":"(anonymous_6)","decl":{"start":{"line":210,"column":2},"end":{"line":210,"column":3}},"loc":{"start":{"line":210,"column":35},"end":{"line":216,"column":3}},"line":210}},"branchMap":{"0":{"loc":{"start":{"line":41,"column":4},"end":{"line":48,"column":5}},"type":"if","locations":[{"start":{"line":41,"column":4},"end":{"line":48,"column":5}},{"start":{},"end":{}}],"line":41},"1":{"loc":{"start":{"line":44,"column":6},"end":{"line":47,"column":7}},"type":"if","locations":[{"start":{"line":44,"column":6},"end":{"line":47,"column":7}},{"start":{},"end":{}}],"line":44},"2":{"loc":{"start":{"line":69,"column":4},"end":{"line":71,"column":5}},"type":"if","locations":[{"start":{"line":69,"column":4},"end":{"line":71,"column":5}},{"start":{},"end":{}}],"line":69},"3":{"loc":{"start":{"line":141,"column":4},"end":{"line":141,"column":63}},"type":"if","locations":[{"start":{"line":141,"column":4},"end":{"line":141,"column":63}},{"start":{},"end":{}}],"line":141},"4":{"loc":{"start":{"line":164,"column":4},"end":{"line":166,"column":5}},"type":"if","locations":[{"start":{"line":164,"column":4},"end":{"line":166,"column":5}},{"start":{},"end":{}}],"line":164},"5":{"loc":{"start":{"line":188,"column":4},"end":{"line":188,"column":63}},"type":"if","locations":[{"start":{"line":188,"column":4},"end":{"line":188,"column":63}},{"start":{},"end":{}}],"line":188},"6":{"loc":{"start":{"line":206,"column":4},"end":{"line":206,"column":63}},"type":"if","locations":[{"start":{"line":206,"column":4},"end":{"line":206,"column":63}},{"start":{},"end":{}}],"line":206}},"s":{"0":6,"1":6,"2":6,"3":6,"4":6,"5":7,"6":7,"7":7,"8":4,"9":4,"10":3,"11":3,"12":4,"13":19,"14":19,"15":1,"16":18,"17":18,"18":18,"19":18,"20":3,"21":2,"22":5,"23":5,"24":5,"25":2,"26":3,"27":8,"28":2,"29":8,"30":7,"31":7,"32":7,"33":7,"34":7,"35":2,"36":5,"37":5,"38":4,"39":4,"40":4,"41":2,"42":0,"43":0,"44":0,"45":6},"f":{"0":7,"1":19,"2":3,"3":5,"4":8,"5":4,"6":0},"b":{"0":[4,3],"1":[3,1],"2":[1,18],"3":[2,3],"4":[2,6],"5":[2,5],"6":[2,2]},"_coverageSchema":"1a1c01bbd47fc00a2c39e90264f33305004495a9","hash":"4e49c07fd7ab287482318cfc94a16940ab5cebaf"}
,"/Users/michaelkushman/Library/CloudStorage/GoogleDrive-mjkushman@gmail.com/My Drive/Code Bootcamp/Unit 37 Cumulative Project /Jobly/routes/_testCommon.js": {"path":"/Users/michaelkushman/Library/CloudStorage/GoogleDrive-mjkushman@gmail.com/My Drive/Code Bootcamp/Unit 37 Cumulative Project /Jobly/routes/_testCommon.js","statementMap":{"0":{"start":{"line":3,"column":11},"end":{"line":3,"column":30}},"1":{"start":{"line":4,"column":13},"end":{"line":4,"column":38}},"2":{"start":{"line":5,"column":16},"end":{"line":5,"column":44}},"3":{"start":{"line":6,"column":12},"end":{"line":6,"column":36}},"4":{"start":{"line":7,"column":24},"end":{"line":7,"column":52}},"5":{"start":{"line":11,"column":2},"end":{"line":11,"column":38}},"6":{"start":{"line":13,"column":2},"end":{"line":13,"column":42}},"7":{"start":{"line":17,"column":2},"end":{"line":24,"column":9}},"8":{"start":{"line":25,"column":2},"end":{"line":32,"column":9}},"9":{"start":{"line":33,"column":2},"end":{"line":40,"column":9}},"10":{"start":{"line":44,"column":2},"end":{"line":51,"column":3}},"11":{"start":{"line":52,"column":2},"end":{"line":59,"column":3}},"12":{"start":{"line":61,"column":2},"end":{"line":68,"column":3}},"13":{"start":{"line":72,"column":2},"end":{"line":79,"column":5}},"14":{"start":{"line":80,"column":2},"end":{"line":87,"column":5}},"15":{"start":{"line":88,"column":2},"end":{"line":95,"column":5}},"16":{"start":{"line":99,"column":2},"end":{"line":99,"column":26}},"17":{"start":{"line":103,"column":2},"end":{"line":103,"column":29}},"18":{"start":{"line":107,"column":2},"end":{"line":107,"column":17}},"19":{"start":{"line":111,"column":16},"end":{"line":111,"column":63}},"20":{"start":{"line":112,"column":16},"end":{"line":112,"column":62}},"21":{"start":{"line":113,"column":16},"end":{"line":113,"column":63}},"22":{"start":{"line":117,"column":0},"end":{"line":125,"column":2}}},"fnMap":{"0":{"name":"commonBeforeAll","decl":{"start":{"line":9,"column":15},"end":{"line":9,"column":30}},"loc":{"start":{"line":9,"column":33},"end":{"line":96,"column":1}},"line":9},"1":{"name":"commonBeforeEach","decl":{"start":{"line":98,"column":15},"end":{"line":98,"column":31}},"loc":{"start":{"line":98,"column":34},"end":{"line":100,"column":1}},"line":98},"2":{"name":"commonAfterEach","decl":{"start":{"line":102,"column":15},"end":{"line":102,"column":30}},"loc":{"start":{"line":102,"column":33},"end":{"line":104,"column":1}},"line":102},"3":{"name":"commonAfterAll","decl":{"start":{"line":106,"column":15},"end":{"line":106,"column":29}},"loc":{"start":{"line":106,"column":32},"end":{"line":108,"column":1}},"line":106}},"branchMap":{},"s":{"0":4,"1":4,"2":4,"3":4,"4":4,"5":4,"6":4,"7":4,"8":4,"9":4,"10":4,"11":4,"12":4,"13":4,"14":4,"15":4,"16":59,"17":59,"18":4,"19":4,"20":4,"21":4,"22":4},"f":{"0":4,"1":59,"2":59,"3":4},"b":{},"_coverageSchema":"1a1c01bbd47fc00a2c39e90264f33305004495a9","hash":"aef7a3dc0d4b50d4b00bf83afdd15111dfed87b1"}
,"/Users/michaelkushman/Library/CloudStorage/GoogleDrive-mjkushman@gmail.com/My Drive/Code Bootcamp/Unit 37 Cumulative Project /Jobly/routes/applications.js": {"path":"/Users/michaelkushman/Library/CloudStorage/GoogleDrive-mjkushman@gmail.com/My Drive/Code Bootcamp/Unit 37 Cumulative Project /Jobly/routes/applications.js","statementMap":{"0":{"start":{"line":5,"column":19},"end":{"line":5,"column":40}},"1":{"start":{"line":6,"column":16},"end":{"line":6,"column":34}},"2":{"start":{"line":9,"column":40},"end":{"line":9,"column":69}},"3":{"start":{"line":10,"column":20},"end":{"line":10,"column":55}},"4":{"start":{"line":15,"column":15},"end":{"line":15,"column":35}},"5":{"start":{"line":17,"column":0},"end":{"line":25,"column":2}},"6":{"start":{"line":18,"column":4},"end":{"line":24,"column":5}},"7":{"start":{"line":19,"column":29},"end":{"line":19,"column":56}},"8":{"start":{"line":21,"column":8},"end":{"line":21,"column":37}},"9":{"start":{"line":23,"column":8},"end":{"line":23,"column":24}},"10":{"start":{"line":27,"column":0},"end":{"line":27,"column":24}}},"fnMap":{"0":{"name":"(anonymous_0)","decl":{"start":{"line":17,"column":16},"end":{"line":17,"column":17}},"loc":{"start":{"line":17,"column":42},"end":{"line":25,"column":1}},"line":17}},"branchMap":{},"s":{"0":5,"1":5,"2":5,"3":5,"4":5,"5":5,"6":0,"7":0,"8":0,"9":0,"10":5},"f":{"0":0},"b":{},"_coverageSchema":"1a1c01bbd47fc00a2c39e90264f33305004495a9","hash":"7f56ee5628f84712920a9554ff5b60283f5932d9"}
,"/Users/michaelkushman/Library/CloudStorage/GoogleDrive-mjkushman@gmail.com/My Drive/Code Bootcamp/Unit 37 Cumulative Project /Jobly/routes/auth.js": {"path":"/Users/michaelkushman/Library/CloudStorage/GoogleDrive-mjkushman@gmail.com/My Drive/Code Bootcamp/Unit 37 Cumulative Project /Jobly/routes/auth.js","statementMap":{"0":{"start":{"line":5,"column":19},"end":{"line":5,"column":40}},"1":{"start":{"line":7,"column":13},"end":{"line":7,"column":38}},"2":{"start":{"line":8,"column":16},"end":{"line":8,"column":34}},"3":{"start":{"line":9,"column":15},"end":{"line":9,"column":35}},"4":{"start":{"line":10,"column":24},"end":{"line":10,"column":52}},"5":{"start":{"line":11,"column":23},"end":{"line":11,"column":58}},"6":{"start":{"line":12,"column":27},"end":{"line":12,"column":66}},"7":{"start":{"line":13,"column":28},"end":{"line":13,"column":54}},"8":{"start":{"line":22,"column":0},"end":{"line":37,"column":3}},"9":{"start":{"line":23,"column":2},"end":{"line":36,"column":3}},"10":{"start":{"line":24,"column":22},"end":{"line":24,"column":67}},"11":{"start":{"line":25,"column":4},"end":{"line":28,"column":5}},"12":{"start":{"line":26,"column":19},"end":{"line":26,"column":53}},"13":{"start":{"line":26,"column":45},"end":{"line":26,"column":52}},"14":{"start":{"line":27,"column":6},"end":{"line":27,"column":38}},"15":{"start":{"line":30,"column":35},"end":{"line":30,"column":43}},"16":{"start":{"line":31,"column":17},"end":{"line":31,"column":60}},"17":{"start":{"line":32,"column":18},"end":{"line":32,"column":35}},"18":{"start":{"line":33,"column":4},"end":{"line":33,"column":31}},"19":{"start":{"line":35,"column":4},"end":{"line":35,"column":21}},"20":{"start":{"line":49,"column":0},"end":{"line":64,"column":3}},"21":{"start":{"line":50,"column":2},"end":{"line":63,"column":3}},"22":{"start":{"line":51,"column":22},"end":{"line":51,"column":71}},"23":{"start":{"line":52,"column":4},"end":{"line":55,"column":5}},"24":{"start":{"line":53,"column":19},"end":{"line":53,"column":53}},"25":{"start":{"line":53,"column":45},"end":{"line":53,"column":52}},"26":{"start":{"line":54,"column":6},"end":{"line":54,"column":38}},"27":{"start":{"line":57,"column":20},"end":{"line":57,"column":72}},"28":{"start":{"line":59,"column":18},"end":{"line":59,"column":38}},"29":{"start":{"line":60,"column":4},"end":{"line":60,"column":43}},"30":{"start":{"line":62,"column":4},"end":{"line":62,"column":21}},"31":{"start":{"line":67,"column":0},"end":{"line":67,"column":24}}},"fnMap":{"0":{"name":"(anonymous_0)","decl":{"start":{"line":22,"column":22},"end":{"line":22,"column":23}},"loc":{"start":{"line":22,"column":54},"end":{"line":37,"column":1}},"line":22},"1":{"name":"(anonymous_1)","decl":{"start":{"line":26,"column":40},"end":{"line":26,"column":41}},"loc":{"start":{"line":26,"column":45},"end":{"line":26,"column":52}},"line":26},"2":{"name":"(anonymous_2)","decl":{"start":{"line":49,"column":25},"end":{"line":49,"column":26}},"loc":{"start":{"line":49,"column":57},"end":{"line":64,"column":1}},"line":49},"3":{"name":"(anonymous_3)","decl":{"start":{"line":53,"column":40},"end":{"line":53,"column":41}},"loc":{"start":{"line":53,"column":45},"end":{"line":53,"column":52}},"line":53}},"branchMap":{"0":{"loc":{"start":{"line":25,"column":4},"end":{"line":28,"column":5}},"type":"if","locations":[{"start":{"line":25,"column":4},"end":{"line":28,"column":5}},{"start":{},"end":{}}],"line":25},"1":{"loc":{"start":{"line":52,"column":4},"end":{"line":55,"column":5}},"type":"if","locations":[{"start":{"line":52,"column":4},"end":{"line":55,"column":5}},{"start":{},"end":{}}],"line":52}},"s":{"0":5,"1":5,"2":5,"3":5,"4":5,"5":5,"6":5,"7":5,"8":5,"9":5,"10":5,"11":5,"12":2,"13":2,"14":2,"15":3,"16":3,"17":1,"18":1,"19":4,"20":5,"21":3,"22":3,"23":3,"24":2,"25":5,"26":2,"27":1,"28":1,"29":1,"30":2,"31":5},"f":{"0":5,"1":2,"2":3,"3":5},"b":{"0":[2,3],"1":[2,1]},"_coverageSchema":"1a1c01bbd47fc00a2c39e90264f33305004495a9","hash":"e5575e177060991f8424ac3d16b8c6a642069717"}
,"/Users/michaelkushman/Library/CloudStorage/GoogleDrive-mjkushman@gmail.com/My Drive/Code Bootcamp/Unit 37 Cumulative Project /Jobly/routes/companies.js": {"path":"/Users/michaelkushman/Library/CloudStorage/GoogleDrive-mjkushman@gmail.com/My Drive/Code Bootcamp/Unit 37 Cumulative Project /Jobly/routes/companies.js","statementMap":{"0":{"start":{"line":5,"column":19},"end":{"line":5,"column":40}},"1":{"start":{"line":6,"column":16},"end":{"line":6,"column":34}},"2":{"start":{"line":8,"column":42},"end":{"line":8,"column":68}},"3":{"start":{"line":9,"column":40},"end":{"line":9,"column":69}},"4":{"start":{"line":10,"column":16},"end":{"line":10,"column":44}},"5":{"start":{"line":12,"column":25},"end":{"line":12,"column":62}},"6":{"start":{"line":13,"column":28},"end":{"line":13,"column":68}},"7":{"start":{"line":15,"column":15},"end":{"line":15,"column":35}},"8":{"start":{"line":27,"column":0},"end":{"line":40,"column":3}},"9":{"start":{"line":28,"column":2},"end":{"line":39,"column":3}},"10":{"start":{"line":29,"column":22},"end":{"line":29,"column":69}},"11":{"start":{"line":30,"column":4},"end":{"line":33,"column":5}},"12":{"start":{"line":31,"column":19},"end":{"line":31,"column":53}},"13":{"start":{"line":31,"column":45},"end":{"line":31,"column":52}},"14":{"start":{"line":32,"column":6},"end":{"line":32,"column":38}},"15":{"start":{"line":35,"column":20},"end":{"line":35,"column":50}},"16":{"start":{"line":36,"column":4},"end":{"line":36,"column":45}},"17":{"start":{"line":38,"column":4},"end":{"line":38,"column":21}},"18":{"start":{"line":53,"column":0},"end":{"line":68,"column":3}},"19":{"start":{"line":54,"column":2},"end":{"line":67,"column":3}},"20":{"start":{"line":55,"column":47},"end":{"line":55,"column":56}},"21":{"start":{"line":56,"column":26},"end":{"line":56,"column":60}},"22":{"start":{"line":57,"column":4},"end":{"line":57,"column":44}},"23":{"start":{"line":59,"column":4},"end":{"line":61,"column":5}},"24":{"start":{"line":60,"column":6},"end":{"line":60,"column":92}},"25":{"start":{"line":63,"column":22},"end":{"line":63,"column":54}},"26":{"start":{"line":64,"column":4},"end":{"line":64,"column":35}},"27":{"start":{"line":66,"column":4},"end":{"line":66,"column":21}},"28":{"start":{"line":78,"column":0},"end":{"line":85,"column":3}},"29":{"start":{"line":79,"column":2},"end":{"line":84,"column":3}},"30":{"start":{"line":80,"column":20},"end":{"line":80,"column":56}},"31":{"start":{"line":81,"column":4},"end":{"line":81,"column":33}},"32":{"start":{"line":83,"column":4},"end":{"line":83,"column":21}},"33":{"start":{"line":98,"column":0},"end":{"line":111,"column":3}},"34":{"start":{"line":99,"column":2},"end":{"line":110,"column":3}},"35":{"start":{"line":100,"column":22},"end":{"line":100,"column":72}},"36":{"start":{"line":101,"column":4},"end":{"line":104,"column":5}},"37":{"start":{"line":102,"column":19},"end":{"line":102,"column":53}},"38":{"start":{"line":102,"column":45},"end":{"line":102,"column":52}},"39":{"start":{"line":103,"column":6},"end":{"line":103,"column":38}},"40":{"start":{"line":106,"column":20},"end":{"line":106,"column":69}},"41":{"start":{"line":107,"column":4},"end":{"line":107,"column":33}},"42":{"start":{"line":109,"column":4},"end":{"line":109,"column":21}},"43":{"start":{"line":118,"column":0},"end":{"line":125,"column":3}},"44":{"start":{"line":119,"column":2},"end":{"line":124,"column":3}},"45":{"start":{"line":120,"column":4},"end":{"line":120,"column":44}},"46":{"start":{"line":121,"column":4},"end":{"line":121,"column":52}},"47":{"start":{"line":123,"column":4},"end":{"line":123,"column":21}},"48":{"start":{"line":128,"column":0},"end":{"line":128,"column":24}}},"fnMap":{"0":{"name":"(anonymous_0)","decl":{"start":{"line":27,"column":46},"end":{"line":27,"column":47}},"loc":{"start":{"line":27,"column":78},"end":{"line":40,"column":1}},"line":27},"1":{"name":"(anonymous_1)","decl":{"start":{"line":31,"column":40},"end":{"line":31,"column":41}},"loc":{"start":{"line":31,"column":45},"end":{"line":31,"column":52}},"line":31},"2":{"name":"(anonymous_2)","decl":{"start":{"line":53,"column":16},"end":{"line":53,"column":17}},"loc":{"start":{"line":53,"column":48},"end":{"line":68,"column":1}},"line":53},"3":{"name":"(anonymous_3)","decl":{"start":{"line":78,"column":23},"end":{"line":78,"column":24}},"loc":{"start":{"line":78,"column":55},"end":{"line":85,"column":1}},"line":78},"4":{"name":"(anonymous_4)","decl":{"start":{"line":98,"column":54},"end":{"line":98,"column":55}},"loc":{"start":{"line":98,"column":86},"end":{"line":111,"column":1}},"line":98},"5":{"name":"(anonymous_5)","decl":{"start":{"line":102,"column":40},"end":{"line":102,"column":41}},"loc":{"start":{"line":102,"column":45},"end":{"line":102,"column":52}},"line":102},"6":{"name":"(anonymous_6)","decl":{"start":{"line":118,"column":55},"end":{"line":118,"column":56}},"loc":{"start":{"line":118,"column":87},"end":{"line":125,"column":1}},"line":118}},"branchMap":{"0":{"loc":{"start":{"line":30,"column":4},"end":{"line":33,"column":5}},"type":"if","locations":[{"start":{"line":30,"column":4},"end":{"line":33,"column":5}},{"start":{},"end":{}}],"line":30},"1":{"loc":{"start":{"line":59,"column":4},"end":{"line":61,"column":5}},"type":"if","locations":[{"start":{"line":59,"column":4},"end":{"line":61,"column":5}},{"start":{},"end":{}}],"line":59},"2":{"loc":{"start":{"line":101,"column":4},"end":{"line":104,"column":5}},"type":"if","locations":[{"start":{"line":101,"column":4},"end":{"line":104,"column":5}},{"start":{},"end":{}}],"line":101}},"s":{"0":5,"1":5,"2":5,"3":5,"4":5,"5":5,"6":5,"7":5,"8":5,"9":3,"10":3,"11":3,"12":2,"13":3,"14":2,"15":1,"16":1,"17":2,"18":5,"19":5,"20":5,"21":5,"22":5,"23":5,"24":0,"25":5,"26":4,"27":1,"28":5,"29":3,"30":3,"31":2,"32":1,"33":5,"34":4,"35":4,"36":4,"37":2,"38":2,"39":2,"40":2,"41":1,"42":3,"43":5,"44":2,"45":2,"46":1,"47":1,"48":5},"f":{"0":3,"1":3,"2":5,"3":3,"4":4,"5":2,"6":2},"b":{"0":[2,1],"1":[0,5],"2":[2,2]},"_coverageSchema":"1a1c01bbd47fc00a2c39e90264f33305004495a9","hash":"b6a219d1479c62e6c3626141938729e07343fde0"}
,"/Users/michaelkushman/Library/CloudStorage/GoogleDrive-mjkushman@gmail.com/My Drive/Code Bootcamp/Unit 37 Cumulative Project /Jobly/routes/jobs.js": {"path":"/Users/michaelkushman/Library/CloudStorage/GoogleDrive-mjkushman@gmail.com/My Drive/Code Bootcamp/Unit 37 Cumulative Project /Jobly/routes/jobs.js","statementMap":{"0":{"start":{"line":5,"column":19},"end":{"line":5,"column":40}},"1":{"start":{"line":6,"column":16},"end":{"line":6,"column":34}},"2":{"start":{"line":8,"column":42},"end":{"line":8,"column":68}},"3":{"start":{"line":9,"column":40},"end":{"line":9,"column":69}},"4":{"start":{"line":10,"column":12},"end":{"line":10,"column":36}},"5":{"start":{"line":12,"column":21},"end":{"line":12,"column":54}},"6":{"start":{"line":14,"column":24},"end":{"line":14,"column":60}},"7":{"start":{"line":16,"column":15},"end":{"line":16,"column":35}},"8":{"start":{"line":30,"column":0},"end":{"line":45,"column":3}},"9":{"start":{"line":31,"column":2},"end":{"line":44,"column":3}},"10":{"start":{"line":32,"column":22},"end":{"line":32,"column":65}},"11":{"start":{"line":33,"column":4},"end":{"line":37,"column":5}},"12":{"start":{"line":34,"column":6},"end":{"line":34,"column":52}},"13":{"start":{"line":35,"column":19},"end":{"line":35,"column":53}},"14":{"start":{"line":35,"column":45},"end":{"line":35,"column":52}},"15":{"start":{"line":36,"column":6},"end":{"line":36,"column":38}},"16":{"start":{"line":40,"column":16},"end":{"line":40,"column":42}},"17":{"start":{"line":41,"column":4},"end":{"line":41,"column":41}},"18":{"start":{"line":43,"column":4},"end":{"line":43,"column":21}},"19":{"start":{"line":58,"column":0},"end":{"line":78,"column":3}},"20":{"start":{"line":59,"column":2},"end":{"line":77,"column":3}},"21":{"start":{"line":60,"column":42},"end":{"line":60,"column":51}},"22":{"start":{"line":61,"column":26},"end":{"line":61,"column":55}},"23":{"start":{"line":62,"column":4},"end":{"line":62,"column":48}},"24":{"start":{"line":73,"column":17},"end":{"line":73,"column":49}},"25":{"start":{"line":74,"column":4},"end":{"line":74,"column":30}},"26":{"start":{"line":76,"column":4},"end":{"line":76,"column":21}},"27":{"start":{"line":88,"column":0},"end":{"line":95,"column":3}},"28":{"start":{"line":89,"column":2},"end":{"line":94,"column":3}},"29":{"start":{"line":90,"column":16},"end":{"line":90,"column":44}},"30":{"start":{"line":91,"column":4},"end":{"line":91,"column":29}},"31":{"start":{"line":93,"column":4},"end":{"line":93,"column":21}},"32":{"start":{"line":108,"column":0},"end":{"line":121,"column":3}},"33":{"start":{"line":109,"column":2},"end":{"line":120,"column":3}},"34":{"start":{"line":110,"column":22},"end":{"line":110,"column":68}},"35":{"start":{"line":111,"column":4},"end":{"line":114,"column":5}},"36":{"start":{"line":112,"column":19},"end":{"line":112,"column":53}},"37":{"start":{"line":112,"column":45},"end":{"line":112,"column":52}},"38":{"start":{"line":113,"column":6},"end":{"line":113,"column":38}},"39":{"start":{"line":116,"column":16},"end":{"line":116,"column":57}},"40":{"start":{"line":117,"column":4},"end":{"line":117,"column":29}},"41":{"start":{"line":119,"column":4},"end":{"line":119,"column":21}},"42":{"start":{"line":128,"column":0},"end":{"line":135,"column":3}},"43":{"start":{"line":129,"column":2},"end":{"line":134,"column":3}},"44":{"start":{"line":130,"column":4},"end":{"line":130,"column":40}},"45":{"start":{"line":131,"column":4},"end":{"line":131,"column":48}},"46":{"start":{"line":133,"column":4},"end":{"line":133,"column":21}},"47":{"start":{"line":138,"column":0},"end":{"line":138,"column":24}}},"fnMap":{"0":{"name":"(anonymous_0)","decl":{"start":{"line":30,"column":46},"end":{"line":30,"column":47}},"loc":{"start":{"line":30,"column":78},"end":{"line":45,"column":1}},"line":30},"1":{"name":"(anonymous_1)","decl":{"start":{"line":35,"column":40},"end":{"line":35,"column":41}},"loc":{"start":{"line":35,"column":45},"end":{"line":35,"column":52}},"line":35},"2":{"name":"(anonymous_2)","decl":{"start":{"line":58,"column":16},"end":{"line":58,"column":17}},"loc":{"start":{"line":58,"column":48},"end":{"line":78,"column":1}},"line":58},"3":{"name":"(anonymous_3)","decl":{"start":{"line":88,"column":19},"end":{"line":88,"column":20}},"loc":{"start":{"line":88,"column":51},"end":{"line":95,"column":1}},"line":88},"4":{"name":"(anonymous_4)","decl":{"start":{"line":108,"column":21},"end":{"line":108,"column":22}},"loc":{"start":{"line":108,"column":53},"end":{"line":121,"column":1}},"line":108},"5":{"name":"(anonymous_5)","decl":{"start":{"line":112,"column":40},"end":{"line":112,"column":41}},"loc":{"start":{"line":112,"column":45},"end":{"line":112,"column":52}},"line":112},"6":{"name":"(anonymous_6)","decl":{"start":{"line":128,"column":51},"end":{"line":128,"column":52}},"loc":{"start":{"line":128,"column":83},"end":{"line":135,"column":1}},"line":128}},"branchMap":{"0":{"loc":{"start":{"line":33,"column":4},"end":{"line":37,"column":5}},"type":"if","locations":[{"start":{"line":33,"column":4},"end":{"line":37,"column":5}},{"start":{},"end":{}}],"line":33},"1":{"loc":{"start":{"line":111,"column":4},"end":{"line":114,"column":5}},"type":"if","locations":[{"start":{"line":111,"column":4},"end":{"line":114,"column":5}},{"start":{},"end":{}}],"line":111}},"s":{"0":5,"1":5,"2":5,"3":5,"4":5,"5":5,"6":5,"7":5,"8":5,"9":3,"10":3,"11":3,"12":2,"13":2,"14":4,"15":2,"16":1,"17":1,"18":2,"19":5,"20":4,"21":4,"22":4,"23":4,"24":4,"25":4,"26":0,"27":5,"28":0,"29":0,"30":0,"31":0,"32":5,"33":0,"34":0,"35":0,"36":0,"37":0,"38":0,"39":0,"40":0,"41":0,"42":5,"43":0,"44":0,"45":0,"46":0,"47":5},"f":{"0":3,"1":4,"2":4,"3":0,"4":0,"5":0,"6":0},"b":{"0":[2,1],"1":[0,0]},"_coverageSchema":"1a1c01bbd47fc00a2c39e90264f33305004495a9","hash":"ab1b6453db08bd77f2189525550322ee758b287e"}
,"/Users/michaelkushman/Library/CloudStorage/GoogleDrive-mjkushman@gmail.com/My Drive/Code Bootcamp/Unit 37 Cumulative Project /Jobly/routes/users.js": {"path":"/Users/michaelkushman/Library/CloudStorage/GoogleDrive-mjkushman@gmail.com/My Drive/Code Bootcamp/Unit 37 Cumulative Project /Jobly/routes/users.js","statementMap":{"0":{"start":{"line":5,"column":19},"end":{"line":5,"column":40}},"1":{"start":{"line":7,"column":16},"end":{"line":7,"column":34}},"2":{"start":{"line":8,"column":59},"end":{"line":8,"column":88}},"3":{"start":{"line":9,"column":28},"end":{"line":9,"column":54}},"4":{"start":{"line":10,"column":13},"end":{"line":10,"column":38}},"5":{"start":{"line":11,"column":24},"end":{"line":11,"column":52}},"6":{"start":{"line":12,"column":22},"end":{"line":12,"column":56}},"7":{"start":{"line":13,"column":25},"end":{"line":13,"column":62}},"8":{"start":{"line":15,"column":15},"end":{"line":15,"column":31}},"9":{"start":{"line":30,"column":0},"end":{"line":45,"column":3}},"10":{"start":{"line":31,"column":2},"end":{"line":44,"column":3}},"11":{"start":{"line":32,"column":22},"end":{"line":32,"column":66}},"12":{"start":{"line":33,"column":4},"end":{"line":37,"column":5}},"13":{"start":{"line":34,"column":6},"end":{"line":34,"column":42}},"14":{"start":{"line":35,"column":19},"end":{"line":35,"column":53}},"15":{"start":{"line":35,"column":45},"end":{"line":35,"column":52}},"16":{"start":{"line":36,"column":6},"end":{"line":36,"column":38}},"17":{"start":{"line":38,"column":4},"end":{"line":38,"column":39}},"18":{"start":{"line":39,"column":17},"end":{"line":39,"column":46}},"19":{"start":{"line":40,"column":18},"end":{"line":40,"column":35}},"20":{"start":{"line":41,"column":4},"end":{"line":41,"column":49}},"21":{"start":{"line":43,"column":4},"end":{"line":43,"column":21}},"22":{"start":{"line":55,"column":0},"end":{"line":62,"column":3}},"23":{"start":{"line":56,"column":2},"end":{"line":61,"column":3}},"24":{"start":{"line":57,"column":18},"end":{"line":57,"column":38}},"25":{"start":{"line":58,"column":4},"end":{"line":58,"column":31}},"26":{"start":{"line":60,"column":4},"end":{"line":60,"column":21}},"27":{"start":{"line":72,"column":0},"end":{"line":79,"column":3}},"28":{"start":{"line":73,"column":2},"end":{"line":78,"column":3}},"29":{"start":{"line":74,"column":17},"end":{"line":74,"column":52}},"30":{"start":{"line":75,"column":4},"end":{"line":75,"column":30}},"31":{"start":{"line":77,"column":4},"end":{"line":77,"column":21}},"32":{"start":{"line":92,"column":0},"end":{"line":105,"column":3}},"33":{"start":{"line":93,"column":2},"end":{"line":104,"column":3}},"34":{"start":{"line":94,"column":22},"end":{"line":94,"column":69}},"35":{"start":{"line":95,"column":4},"end":{"line":98,"column":5}},"36":{"start":{"line":96,"column":19},"end":{"line":96,"column":53}},"37":{"start":{"line":96,"column":45},"end":{"line":96,"column":52}},"38":{"start":{"line":97,"column":6},"end":{"line":97,"column":38}},"39":{"start":{"line":100,"column":17},"end":{"line":100,"column":65}},"40":{"start":{"line":101,"column":4},"end":{"line":101,"column":30}},"41":{"start":{"line":103,"column":4},"end":{"line":103,"column":21}},"42":{"start":{"line":113,"column":0},"end":{"line":120,"column":3}},"43":{"start":{"line":114,"column":2},"end":{"line":119,"column":3}},"44":{"start":{"line":115,"column":4},"end":{"line":115,"column":43}},"45":{"start":{"line":116,"column":4},"end":{"line":116,"column":54}},"46":{"start":{"line":118,"column":4},"end":{"line":118,"column":21}},"47":{"start":{"line":127,"column":0},"end":{"line":135,"column":2}},"48":{"start":{"line":128,"column":2},"end":{"line":134,"column":3}},"49":{"start":{"line":129,"column":29},"end":{"line":129,"column":39}},"50":{"start":{"line":130,"column":24},"end":{"line":130,"column":54}},"51":{"start":{"line":131,"column":4},"end":{"line":131,"column":55}},"52":{"start":{"line":133,"column":4},"end":{"line":133,"column":20}},"53":{"start":{"line":137,"column":0},"end":{"line":137,"column":24}}},"fnMap":{"0":{"name":"(anonymous_0)","decl":{"start":{"line":30,"column":46},"end":{"line":30,"column":47}},"loc":{"start":{"line":30,"column":78},"end":{"line":45,"column":1}},"line":30},"1":{"name":"(anonymous_1)","decl":{"start":{"line":35,"column":40},"end":{"line":35,"column":41}},"loc":{"start":{"line":35,"column":45},"end":{"line":35,"column":52}},"line":35},"2":{"name":"(anonymous_2)","decl":{"start":{"line":55,"column":45},"end":{"line":55,"column":46}},"loc":{"start":{"line":55,"column":77},"end":{"line":62,"column":1}},"line":55},"3":{"name":"(anonymous_3)","decl":{"start":{"line":72,"column":60},"end":{"line":72,"column":61}},"loc":{"start":{"line":72,"column":92},"end":{"line":79,"column":1}},"line":72},"4":{"name":"(anonymous_4)","decl":{"start":{"line":92,"column":62},"end":{"line":92,"column":63}},"loc":{"start":{"line":92,"column":94},"end":{"line":105,"column":1}},"line":92},"5":{"name":"(anonymous_5)","decl":{"start":{"line":96,"column":40},"end":{"line":96,"column":41}},"loc":{"start":{"line":96,"column":45},"end":{"line":96,"column":52}},"line":96},"6":{"name":"(anonymous_6)","decl":{"start":{"line":113,"column":44},"end":{"line":113,"column":45}},"loc":{"start":{"line":113,"column":76},"end":{"line":120,"column":1}},"line":113},"7":{"name":"(anonymous_7)","decl":{"start":{"line":127,"column":35},"end":{"line":127,"column":36}},"loc":{"start":{"line":127,"column":61},"end":{"line":135,"column":1}},"line":127}},"branchMap":{"0":{"loc":{"start":{"line":33,"column":4},"end":{"line":37,"column":5}},"type":"if","locations":[{"start":{"line":33,"column":4},"end":{"line":37,"column":5}},{"start":{},"end":{}}],"line":33},"1":{"loc":{"start":{"line":95,"column":4},"end":{"line":98,"column":5}},"type":"if","locations":[{"start":{"line":95,"column":4},"end":{"line":98,"column":5}},{"start":{},"end":{}}],"line":95}},"s":{"0":5,"1":5,"2":5,"3":5,"4":5,"5":5,"6":5,"7":5,"8":5,"9":5,"10":4,"11":4,"12":4,"13":2,"14":2,"15":5,"16":2,"17":2,"18":2,"19":2,"20":2,"21":2,"22":5,"23":2,"24":2,"25":1,"26":1,"27":5,"28":3,"29":3,"30":2,"31":1,"32":5,"33":5,"34":5,"35":5,"36":1,"37":1,"38":1,"39":4,"40":3,"41":2,"42":5,"43":2,"44":2,"45":1,"46":1,"47":5,"48":0,"49":0,"50":0,"51":0,"52":0,"53":5},"f":{"0":4,"1":5,"2":2,"3":3,"4":5,"5":1,"6":2,"7":0},"b":{"0":[2,2],"1":[1,4]},"_coverageSchema":"1a1c01bbd47fc00a2c39e90264f33305004495a9","hash":"7045ae46f0e35340956bd20ba74ed7935c5727af"}
}
