TN:
SF:app.js
FN:34,(anonymous_0)
FN:39,(anonymous_1)
FNF:2
FNH:2
FNDA:2,(anonymous_0)
FNDA:36,(anonymous_1)
DA:5,5
DA:6,5
DA:8,5
DA:10,5
DA:11,5
DA:12,5
DA:13,5
DA:14,5
DA:15,5
DA:17,5
DA:19,5
DA:21,5
DA:22,5
DA:23,5
DA:24,5
DA:26,5
DA:27,5
DA:28,5
DA:29,5
DA:30,5
DA:34,5
DA:35,2
DA:39,5
DA:40,36
DA:41,36
DA:42,36
DA:44,36
DA:49,5
LF:28
LH:28
BRDA:40,0,0,1
BRDA:40,0,1,35
BRDA:41,1,0,36
BRDA:41,1,1,2
BRF:4
BRH:4
end_of_record
TN:
SF:config.js
FN:13,getDatabaseUri
FNF:1
FNH:1
FNDA:22,getDatabaseUri
DA:5,11
DA:6,11
DA:8,11
DA:10,11
DA:14,22
DA:22,11
DA:24,11
DA:25,11
DA:26,11
DA:27,11
DA:28,11
DA:29,11
DA:31,11
LF:13
LH:13
BRDA:8,0,0,11
BRDA:8,0,1,10
BRDA:10,1,0,11
BRDA:10,1,1,10
BRDA:14,2,0,19
BRDA:14,2,1,3
BRDA:16,3,0,3
BRDA:16,3,1,1
BRDA:22,4,0,10
BRDA:22,4,1,1
BRF:10
BRH:10
end_of_record
TN:
SF:db.js
FNF:0
FNH:0
DA:3,8
DA:4,8
DA:8,8
DA:9,0
DA:16,8
DA:21,8
DA:23,8
LF:7
LH:6
BRDA:8,0,0,0
BRDA:8,0,1,8
BRF:2
BRH:1
end_of_record
TN:
SF:expressError.js
FN:8,(anonymous_0)
FN:18,(anonymous_1)
FN:26,(anonymous_2)
FN:34,(anonymous_3)
FN:42,(anonymous_4)
FNF:5
FNH:4
FNDA:48,(anonymous_0)
FNDA:14,(anonymous_1)
FNDA:16,(anonymous_2)
FNDA:18,(anonymous_3)
FNDA:0,(anonymous_4)
DA:9,48
DA:10,48
DA:11,48
DA:19,14
DA:27,16
DA:35,18
DA:43,0
DA:47,9
LF:8
LH:7
BRDA:18,0,0,2
BRDA:26,1,0,12
BRDA:34,2,0,0
BRDA:42,3,0,0
BRF:4
BRH:2
end_of_record
TN:
SF:helpers/sql.js
FN:13,sqlForPartialUpdate
FN:19,(anonymous_1)
FNF:2
FNH:2
FNDA:17,sqlForPartialUpdate
FNDA:27,(anonymous_1)
DA:1,8
DA:14,17
DA:16,17
DA:19,14
DA:20,27
DA:23,14
DA:29,8
LF:7
LH:7
BRDA:16,0,0,3
BRDA:16,0,1,14
BRDA:20,1,0,27
BRDA:20,1,1,12
BRF:4
BRH:4
end_of_record
TN:
SF:helpers/tokens.js
FN:6,createToken
FNF:1
FNH:1
FNDA:19,createToken
DA:1,6
DA:2,6
DA:7,19
DA:10,19
DA:14,19
DA:15,19
DA:18,6
LF:7
LH:7
BRDA:12,0,0,19
BRDA:12,0,1,13
BRF:2
BRH:2
end_of_record
TN:
SF:middleware/auth.js
FN:18,authenticateJWT
FN:36,ensureLoggedIn
FN:48,ensureAdmin
FN:57,ensureUserOrAdmin
FNF:4
FNH:4
FNDA:64,authenticateJWT
FNDA:41,ensureLoggedIn
FNDA:21,ensureAdmin
FNDA:9,ensureUserOrAdmin
DA:5,6
DA:6,6
DA:7,6
DA:19,64
DA:20,64
DA:21,64
DA:22,35
DA:23,35
DA:25,63
DA:27,1
DA:37,41
DA:38,41
DA:39,33
DA:41,8
DA:49,21
DA:50,21
DA:51,18
DA:53,3
DA:58,9
DA:59,9
DA:60,9
DA:62,1
DA:64,8
DA:66,1
DA:70,6
LF:25
LH:25
BRDA:20,0,0,64
BRDA:20,0,1,63
BRDA:21,1,0,35
BRDA:21,1,1,29
BRDA:38,2,0,8
BRDA:38,2,1,33
BRDA:50,3,0,3
BRDA:50,3,1,18
BRDA:60,4,0,1
BRDA:60,4,1,8
BRDA:60,5,0,9
BRDA:60,5,1,5
BRF:12
BRH:12
end_of_record
TN:
SF:models/_testCommon.js
FN:6,commonBeforeAll
FN:33,commonBeforeEach
FN:37,commonAfterEach
FN:41,commonAfterAll
FNF:4
FNH:4
FNDA:3,commonBeforeAll
FNDA:29,commonBeforeEach
FNDA:29,commonAfterEach
FNDA:3,commonAfterAll
DA:1,3
DA:3,3
DA:4,3
DA:8,3
DA:10,3
DA:12,3
DA:18,3
DA:34,29
DA:38,29
DA:42,3
DA:46,3
LF:11
LH:11
BRF:0
BRH:0
end_of_record
TN:
SF:models/application.js
FN:13,(anonymous_0)
FNF:1
FNH:0
FNDA:0,(anonymous_0)
DA:3,5
DA:4,5
DA:5,5
DA:14,0
DA:15,0
DA:19,5
LF:6
LH:4
BRF:0
BRH:0
end_of_record
TN:
SF:models/company.js
FN:19,(anonymous_0)
FN:52,(anonymous_1)
FN:122,(anonymous_2)
FN:152,(anonymous_3)
FN:182,(anonymous_4)
FNF:5
FNH:5
FNDA:16,(anonymous_0)
FNDA:6,(anonymous_1)
FNDA:5,(anonymous_2)
FNDA:6,(anonymous_3)
FNDA:4,(anonymous_4)
DA:3,6
DA:4,6
DA:5,6
DA:20,16
DA:26,16
DA:27,1
DA:29,15
DA:42,15
DA:44,15
DA:55,6
DA:57,6
DA:63,6
DA:66,6
DA:69,6
DA:72,6
DA:74,6
DA:76,1
DA:77,1
DA:79,6
DA:81,1
DA:82,1
DA:85,6
DA:86,1
DA:87,1
DA:90,6
DA:91,3
DA:94,6
DA:96,6
DA:97,6
DA:98,5
DA:123,5
DA:133,5
DA:135,5
DA:137,3
DA:153,6
DA:159,5
DA:161,5
DA:169,5
DA:170,5
DA:172,5
DA:174,3
DA:183,4
DA:189,4
DA:191,4
DA:196,6
LF:45
LH:45
BRDA:26,0,0,1
BRDA:26,0,1,15
BRDA:52,1,0,1
BRDA:74,2,0,1
BRDA:74,2,1,5
BRDA:79,3,0,1
BRDA:79,3,1,5
BRDA:85,4,0,1
BRDA:85,4,1,5
BRDA:90,5,0,3
BRDA:90,5,1,3
BRDA:135,6,0,2
BRDA:135,6,1,3
BRDA:172,7,0,2
BRDA:172,7,1,3
BRDA:191,8,0,2
BRDA:191,8,1,2
BRF:17
BRH:17
end_of_record
TN:
SF:models/job.js
FN:23,(anonymous_0)
FN:47,(anonymous_1)
FN:108,(anonymous_2)
FN:152,(anonymous_3)
FN:182,(anonymous_4)
FNF:5
FNH:2
FNDA:13,(anonymous_0)
FNDA:4,(anonymous_1)
FNDA:0,(anonymous_2)
FNDA:0,(anonymous_3)
FNDA:0,(anonymous_4)
DA:5,5
DA:6,5
DA:7,5
DA:24,13
DA:25,13
DA:37,13
DA:39,13
DA:50,4
DA:52,4
DA:58,4
DA:61,4
DA:62,4
DA:65,4
DA:68,4
DA:70,4
DA:72,1
DA:73,1
DA:75,4
DA:77,1
DA:78,1
DA:81,4
DA:82,1
DA:83,1
DA:84,1
DA:87,4
DA:88,3
DA:91,4
DA:93,4
DA:94,4
DA:95,4
DA:109,0
DA:119,0
DA:120,0
DA:123,0
DA:133,0
DA:135,0
DA:137,0
DA:154,0
DA:159,0
DA:161,0
DA:169,0
DA:170,0
DA:172,0
DA:174,0
DA:183,0
DA:189,0
DA:191,0
DA:196,5
LF:48
LH:31
BRDA:47,0,0,0
BRDA:70,1,0,1
BRDA:70,1,1,3
BRDA:75,2,0,1
BRDA:75,2,1,3
BRDA:81,3,0,1
BRDA:81,3,1,3
BRDA:81,4,0,4
BRDA:81,4,1,3
BRDA:87,5,0,3
BRDA:87,5,1,1
BRDA:120,6,0,0
BRDA:120,6,1,0
BRDA:172,7,0,0
BRDA:172,7,1,0
BRDA:191,8,0,0
BRDA:191,8,1,0
BRF:17
BRH:10
end_of_record
TN:
SF:models/user.js
FN:25,(anonymous_0)
FN:60,(anonymous_1)
FN:105,(anonymous_2)
FN:127,(anonymous_3)
FN:163,(anonymous_4)
FN:196,(anonymous_5)
FN:210,(anonymous_6)
FNF:7
FNH:6
FNDA:7,(anonymous_0)
FNDA:19,(anonymous_1)
FNDA:3,(anonymous_2)
FNDA:5,(anonymous_3)
FNDA:8,(anonymous_4)
FNDA:4,(anonymous_5)
FNDA:0,(anonymous_6)
DA:4,6
DA:5,6
DA:6,6
DA:11,6
DA:13,6
DA:27,7
DA:39,7
DA:41,7
DA:43,4
DA:44,4
DA:45,3
DA:46,3
DA:50,4
DA:62,19
DA:69,19
DA:70,1
DA:73,18
DA:75,18
DA:95,18
DA:97,18
DA:106,3
DA:116,2
DA:128,5
DA:139,5
DA:141,5
DA:143,3
DA:164,8
DA:165,2
DA:168,8
DA:175,7
DA:177,7
DA:185,7
DA:186,7
DA:188,7
DA:190,5
DA:191,5
DA:197,4
DA:204,4
DA:206,4
DA:211,0
DA:214,0
DA:215,0
DA:221,6
LF:43
LH:40
BRDA:41,0,0,4
BRDA:41,0,1,3
BRDA:44,1,0,3
BRDA:44,1,1,1
BRDA:69,2,0,1
BRDA:69,2,1,18
BRDA:141,3,0,2
BRDA:141,3,1,3
BRDA:164,4,0,2
BRDA:164,4,1,6
BRDA:188,5,0,2
BRDA:188,5,1,5
BRDA:206,6,0,2
BRDA:206,6,1,2
BRF:14
BRH:14
end_of_record
TN:
SF:routes/_testCommon.js
FN:9,commonBeforeAll
FN:98,commonBeforeEach
FN:102,commonAfterEach
FN:106,commonAfterAll
FNF:4
FNH:4
FNDA:4,commonBeforeAll
FNDA:59,commonBeforeEach
FNDA:59,commonAfterEach
FNDA:4,commonAfterAll
DA:3,4
DA:4,4
DA:5,4
DA:6,4
DA:7,4
DA:11,4
DA:13,4
DA:17,4
DA:25,4
DA:33,4
DA:44,4
DA:52,4
DA:61,4
DA:72,4
DA:80,4
DA:88,4
DA:99,59
DA:103,59
DA:107,4
DA:111,4
DA:112,4
DA:113,4
DA:117,4
LF:23
LH:23
BRF:0
BRH:0
end_of_record
TN:
SF:routes/applications.js
FN:17,(anonymous_0)
FNF:1
FNH:0
FNDA:0,(anonymous_0)
DA:5,5
DA:6,5
DA:9,5
DA:10,5
DA:15,5
DA:17,5
DA:18,0
DA:19,0
DA:21,0
DA:23,0
DA:27,5
LF:11
LH:7
BRF:0
BRH:0
end_of_record
TN:
SF:routes/auth.js
FN:22,(anonymous_0)
FN:26,(anonymous_1)
FN:49,(anonymous_2)
FN:53,(anonymous_3)
FNF:4
FNH:4
FNDA:5,(anonymous_0)
FNDA:2,(anonymous_1)
FNDA:3,(anonymous_2)
FNDA:5,(anonymous_3)
DA:5,5
DA:7,5
DA:8,5
DA:9,5
DA:10,5
DA:11,5
DA:12,5
DA:13,5
DA:22,5
DA:23,5
DA:24,5
DA:25,5
DA:26,2
DA:27,2
DA:30,3
DA:31,3
DA:32,1
DA:33,1
DA:35,4
DA:49,5
DA:50,3
DA:51,3
DA:52,3
DA:53,5
DA:54,2
DA:57,1
DA:59,1
DA:60,1
DA:62,2
DA:67,5
LF:30
LH:30
BRDA:25,0,0,2
BRDA:25,0,1,3
BRDA:52,1,0,2
BRDA:52,1,1,1
BRF:4
BRH:4
end_of_record
TN:
SF:routes/companies.js
FN:27,(anonymous_0)
FN:31,(anonymous_1)
FN:53,(anonymous_2)
FN:78,(anonymous_3)
FN:98,(anonymous_4)
FN:102,(anonymous_5)
FN:118,(anonymous_6)
FNF:7
FNH:7
FNDA:3,(anonymous_0)
FNDA:3,(anonymous_1)
FNDA:5,(anonymous_2)
FNDA:3,(anonymous_3)
FNDA:4,(anonymous_4)
FNDA:2,(anonymous_5)
FNDA:2,(anonymous_6)
DA:5,5
DA:6,5
DA:8,5
DA:9,5
DA:10,5
DA:12,5
DA:13,5
DA:15,5
DA:27,5
DA:28,3
DA:29,3
DA:30,3
DA:31,3
DA:32,2
DA:35,1
DA:36,1
DA:38,2
DA:53,5
DA:54,5
DA:55,5
DA:56,5
DA:57,5
DA:59,5
DA:60,0
DA:63,5
DA:64,4
DA:66,1
DA:78,5
DA:79,3
DA:80,3
DA:81,2
DA:83,1
DA:98,5
DA:99,4
DA:100,4
DA:101,4
DA:102,2
DA:103,2
DA:106,2
DA:107,1
DA:109,3
DA:118,5
DA:119,2
DA:120,2
DA:121,1
DA:123,1
DA:128,5
LF:47
LH:46
BRDA:30,0,0,2
BRDA:30,0,1,1
BRDA:59,1,0,0
BRDA:59,1,1,5
BRDA:101,2,0,2
BRDA:101,2,1,2
BRF:6
BRH:5
end_of_record
TN:
SF:routes/jobs.js
FN:30,(anonymous_0)
FN:35,(anonymous_1)
FN:58,(anonymous_2)
FN:88,(anonymous_3)
FN:108,(anonymous_4)
FN:112,(anonymous_5)
FN:128,(anonymous_6)
FNF:7
FNH:3
FNDA:3,(anonymous_0)
FNDA:4,(anonymous_1)
FNDA:4,(anonymous_2)
FNDA:0,(anonymous_3)
FNDA:0,(anonymous_4)
FNDA:0,(anonymous_5)
FNDA:0,(anonymous_6)
DA:5,5
DA:6,5
DA:8,5
DA:9,5
DA:10,5
DA:12,5
DA:14,5
DA:16,5
DA:30,5
DA:31,3
DA:32,3
DA:33,3
DA:34,2
DA:35,4
DA:36,2
DA:40,1
DA:41,1
DA:43,2
DA:58,5
DA:59,4
DA:60,4
DA:61,4
DA:62,4
DA:73,4
DA:74,4
DA:76,0
DA:88,5
DA:89,0
DA:90,0
DA:91,0
DA:93,0
DA:108,5
DA:109,0
DA:110,0
DA:111,0
DA:112,0
DA:113,0
DA:116,0
DA:117,0
DA:119,0
DA:128,5
DA:129,0
DA:130,0
DA:131,0
DA:133,0
DA:138,5
LF:46
LH:29
BRDA:33,0,0,2
BRDA:33,0,1,1
BRDA:111,1,0,0
BRDA:111,1,1,0
BRF:4
BRH:2
end_of_record
TN:
SF:routes/users.js
FN:30,(anonymous_0)
FN:35,(anonymous_1)
FN:55,(anonymous_2)
FN:72,(anonymous_3)
FN:92,(anonymous_4)
FN:96,(anonymous_5)
FN:113,(anonymous_6)
FN:127,(anonymous_7)
FNF:8
FNH:7
FNDA:4,(anonymous_0)
FNDA:5,(anonymous_1)
FNDA:2,(anonymous_2)
FNDA:3,(anonymous_3)
FNDA:5,(anonymous_4)
FNDA:1,(anonymous_5)
FNDA:2,(anonymous_6)
FNDA:0,(anonymous_7)
DA:5,5
DA:7,5
DA:8,5
DA:9,5
DA:10,5
DA:11,5
DA:12,5
DA:13,5
DA:15,5
DA:30,5
DA:31,4
DA:32,4
DA:33,4
DA:34,2
DA:35,5
DA:36,2
DA:38,2
DA:39,2
DA:40,2
DA:41,2
DA:43,2
DA:55,5
DA:56,2
DA:57,2
DA:58,1
DA:60,1
DA:72,5
DA:73,3
DA:74,3
DA:75,2
DA:77,1
DA:92,5
DA:93,5
DA:94,5
DA:95,5
DA:96,1
DA:97,1
DA:100,4
DA:101,3
DA:103,2
DA:113,5
DA:114,2
DA:115,2
DA:116,1
DA:118,1
DA:127,5
DA:128,0
DA:129,0
DA:130,0
DA:131,0
DA:133,0
DA:137,5
LF:52
LH:47
BRDA:33,0,0,2
BRDA:33,0,1,2
BRDA:95,1,0,1
BRDA:95,1,1,4
BRF:4
BRH:4
end_of_record
